<?xml version="1.0" encoding="UTF-8"?>
<testsuites>
  <testsuite name="Feature" tests="5" assertions="10" errors="0" warnings="0" failures="1" skipped="0" time="0.123">
    <testcase name="test_example_1" class="Tests\Feature\ExampleTest" classname="Tests.Feature.ExampleTest" file="/path/to/test.php" line="12" assertions="2" time="0.01">
    </testcase>
    <testcase name="test_example_2" class="Tests\Feature\ExampleTest" classname="Tests.Feature.ExampleTest" file="/path/to/test.php" line="20" assertions="2" time="0.01">
    </testcase>
    <testcase name="test_failure" class="Tests\Feature\ExampleTest" classname="Tests.Feature.ExampleTest" file="/path/to/test.php" line="30" assertions="1" time="0.01">
      <failure type="PHPUnit\Framework\ExpectationFailedException">Failed asserting that false is true.</failure>
    </testcase>
  </testsuite>
</testsuites>
