<?xml version="1.0" encoding="UTF-8"?>
<testsuites>
  <testsuite name="E:\Users\Carlos F. Patiño\Workspace\Sistema-web-de-Gestion-de-Incidencias\backend\api\phpunit.xml" tests="47" assertions="178" errors="0" failures="0" skipped="0" time="4.184530">
    <testsuite name="Unit" tests="1" assertions="1" errors="0" failures="0" skipped="0" time="0.001503">
      <testsuite name="Tests\Unit\ExampleTest" file="E:\Users\Carlos F. Patiño\Workspace\Sistema-web-de-Gestion-de-Incidencias\backend\api\tests\Unit\ExampleTest.php" tests="1" assertions="1" errors="0" failures="0" skipped="0" time="0.001503">
        <testcase name="test_that_true_is_true" file="E:\Users\Carlos F. Patiño\Workspace\Sistema-web-de-Gestion-de-Incidencias\backend\api\tests\Unit\ExampleTest.php" line="12" class="Tests\Unit\ExampleTest" classname="Tests.Unit.ExampleTest" assertions="1" time="0.001503"/>
      </testsuite>
    </testsuite>
    <testsuite name="Feature" tests="46" assertions="177" errors="0" failures="0" skipped="0" time="4.183027">
      <testsuite name="Tests\Feature\AuthTest" file="E:\Users\Carlos F. Patiño\Workspace\Sistema-web-de-Gestion-de-Incidencias\backend\api\tests\Feature\AuthTest.php" tests="6" assertions="15" errors="0" failures="0" skipped="0" time="1.256915">
        <testcase name="test_cannot_access_protected_route_without_token" file="E:\Users\Carlos F. Patiño\Workspace\Sistema-web-de-Gestion-de-Incidencias\backend\api\tests\Feature\AuthTest.php" line="17" class="Tests\Feature\AuthTest" classname="Tests.Feature.AuthTest" assertions="1" time="0.830523"/>
        <testcase name="test_ciudadano_cannot_access_admin_routes" file="E:\Users\Carlos F. Patiño\Workspace\Sistema-web-de-Gestion-de-Incidencias\backend\api\tests\Feature\AuthTest.php" line="24" class="Tests\Feature\AuthTest" classname="Tests.Feature.AuthTest" assertions="1" time="0.135933"/>
        <testcase name="test_rejects_invalid_or_manipulated_token" file="E:\Users\Carlos F. Patiño\Workspace\Sistema-web-de-Gestion-de-Incidencias\backend\api\tests\Feature\AuthTest.php" line="38" class="Tests\Feature\AuthTest" classname="Tests.Feature.AuthTest" assertions="1" time="0.061744"/>
        <testcase name="test_cannot_access_after_logout_or_token_revocation" file="E:\Users\Carlos F. Patiño\Workspace\Sistema-web-de-Gestion-de-Incidencias\backend\api\tests\Feature\AuthTest.php" line="48" class="Tests\Feature\AuthTest" classname="Tests.Feature.AuthTest" assertions="1" time="0.072070"/>
        <testcase name="test_menu_options_are_filtered_by_role" file="E:\Users\Carlos F. Patiño\Workspace\Sistema-web-de-Gestion-de-Incidencias\backend\api\tests\Feature\AuthTest.php" line="66" class="Tests\Feature\AuthTest" classname="Tests.Feature.AuthTest" assertions="4" time="0.092611"/>
        <testcase name="test_admin_can_delete_user_and_removes_roles_and_tokens" file="E:\Users\Carlos F. Patiño\Workspace\Sistema-web-de-Gestion-de-Incidencias\backend\api\tests\Feature\AuthTest.php" line="101" class="Tests\Feature\AuthTest" classname="Tests.Feature.AuthTest" assertions="7" time="0.064035"/>
      </testsuite>
      <testsuite name="Tests\Feature\CatalogoTest" file="E:\Users\Carlos F. Patiño\Workspace\Sistema-web-de-Gestion-de-Incidencias\backend\api\tests\Feature\CatalogoTest.php" tests="5" assertions="34" errors="0" failures="0" skipped="0" time="0.416506">
        <testcase name="test_no_se_puede_acceder_a_catalogos_sin_autenticacion" file="E:\Users\Carlos F. Patiño\Workspace\Sistema-web-de-Gestion-de-Incidencias\backend\api\tests\Feature\CatalogoTest.php" line="33" class="Tests\Feature\CatalogoTest" classname="Tests.Feature.CatalogoTest" assertions="1" time="0.063057"/>
        <testcase name="test_se_pueden_listar_paises" file="E:\Users\Carlos F. Patiño\Workspace\Sistema-web-de-Gestion-de-Incidencias\backend\api\tests\Feature\CatalogoTest.php" line="39" class="Tests\Feature\CatalogoTest" classname="Tests.Feature.CatalogoTest" assertions="5" time="0.083829"/>
        <testcase name="test_se_pueden_listar_territorios_filtrados" file="E:\Users\Carlos F. Patiño\Workspace\Sistema-web-de-Gestion-de-Incidencias\backend\api\tests\Feature\CatalogoTest.php" line="56" class="Tests\Feature\CatalogoTest" classname="Tests.Feature.CatalogoTest" assertions="10" time="0.062452"/>
        <testcase name="test_se_pueden_listar_direcciones_filtradas" file="E:\Users\Carlos F. Patiño\Workspace\Sistema-web-de-Gestion-de-Incidencias\backend\api\tests\Feature\CatalogoTest.php" line="107" class="Tests\Feature\CatalogoTest" classname="Tests.Feature.CatalogoTest" assertions="4" time="0.115384"/>
        <testcase name="test_se_pueden_listar_categorias_incidencia_filtradas" file="E:\Users\Carlos F. Patiño\Workspace\Sistema-web-de-Gestion-de-Incidencias\backend\api\tests\Feature\CatalogoTest.php" line="136" class="Tests\Feature\CatalogoTest" classname="Tests.Feature.CatalogoTest" assertions="14" time="0.091784"/>
      </testsuite>
      <testsuite name="Tests\Feature\DireccionTest" file="E:\Users\Carlos F. Patiño\Workspace\Sistema-web-de-Gestion-de-Incidencias\backend\api\tests\Feature\DireccionTest.php" tests="5" assertions="16" errors="0" failures="0" skipped="0" time="0.290233">
        <testcase name="test_can_list_direcciones" file="E:\Users\Carlos F. Patiño\Workspace\Sistema-web-de-Gestion-de-Incidencias\backend\api\tests\Feature\DireccionTest.php" line="42" class="Tests\Feature\DireccionTest" classname="Tests.Feature.DireccionTest" assertions="3" time="0.054818"/>
        <testcase name="test_can_create_direccion" file="E:\Users\Carlos F. Patiño\Workspace\Sistema-web-de-Gestion-de-Incidencias\backend\api\tests\Feature\DireccionTest.php" line="59" class="Tests\Feature\DireccionTest" classname="Tests.Feature.DireccionTest" assertions="3" time="0.073113"/>
        <testcase name="test_cannot_create_direccion_with_invalid_data" file="E:\Users\Carlos F. Patiño\Workspace\Sistema-web-de-Gestion-de-Incidencias\backend\api\tests\Feature\DireccionTest.php" line="82" class="Tests\Feature\DireccionTest" classname="Tests.Feature.DireccionTest" assertions="5" time="0.058435"/>
        <testcase name="test_can_update_direccion" file="E:\Users\Carlos F. Patiño\Workspace\Sistema-web-de-Gestion-de-Incidencias\backend\api\tests\Feature\DireccionTest.php" line="96" class="Tests\Feature\DireccionTest" classname="Tests.Feature.DireccionTest" assertions="3" time="0.056653"/>
        <testcase name="test_can_delete_direccion" file="E:\Users\Carlos F. Patiño\Workspace\Sistema-web-de-Gestion-de-Incidencias\backend\api\tests\Feature\DireccionTest.php" line="119" class="Tests\Feature\DireccionTest" classname="Tests.Feature.DireccionTest" assertions="2" time="0.047214"/>
      </testsuite>
      <testsuite name="Tests\Feature\ExampleTest" file="E:\Users\Carlos F. Patiño\Workspace\Sistema-web-de-Gestion-de-Incidencias\backend\api\tests\Feature\ExampleTest.php" tests="1" assertions="1" errors="0" failures="0" skipped="0" time="0.085238">
        <testcase name="test_the_application_returns_a_successful_response" file="E:\Users\Carlos F. Patiño\Workspace\Sistema-web-de-Gestion-de-Incidencias\backend\api\tests\Feature\ExampleTest.php" line="15" class="Tests\Feature\ExampleTest" classname="Tests.Feature.ExampleTest" assertions="1" time="0.085238"/>
      </testsuite>
      <testsuite name="Tests\Feature\IncidenciaTest" file="E:\Users\Carlos F. Patiño\Workspace\Sistema-web-de-Gestion-de-Incidencias\backend\api\tests\Feature\IncidenciaTest.php" tests="19" assertions="65" errors="0" failures="0" skipped="0" time="1.548220">
        <testcase name="test_can_create_incidencia_recalculates_priority_normal" file="E:\Users\Carlos F. Patiño\Workspace\Sistema-web-de-Gestion-de-Incidencias\backend\api\tests\Feature\IncidenciaTest.php" line="108" class="Tests\Feature\IncidenciaTest" classname="Tests.Feature.IncidenciaTest" assertions="4" time="0.094433"/>
        <testcase name="test_can_create_incidencia_recalculates_priority_critical_when_affected_over_threshold" file="E:\Users\Carlos F. Patiño\Workspace\Sistema-web-de-Gestion-de-Incidencias\backend\api\tests\Feature\IncidenciaTest.php" line="129" class="Tests\Feature\IncidenciaTest" classname="Tests.Feature.IncidenciaTest" assertions="2" time="0.080860"/>
        <testcase name="test_can_update_incidencia_with_optimistic_locking" file="E:\Users\Carlos F. Patiño\Workspace\Sistema-web-de-Gestion-de-Incidencias\backend\api\tests\Feature\IncidenciaTest.php" line="148" class="Tests\Feature\IncidenciaTest" classname="Tests.Feature.IncidenciaTest" assertions="4" time="0.086369"/>
        <testcase name="test_role_based_visibility_for_institucion" file="E:\Users\Carlos F. Patiño\Workspace\Sistema-web-de-Gestion-de-Incidencias\backend\api\tests\Feature\IncidenciaTest.php" line="195" class="Tests\Feature\IncidenciaTest" classname="Tests.Feature.IncidenciaTest" assertions="5" time="0.099783"/>
        <testcase name="test_ciudadano_can_create_incidencia" file="E:\Users\Carlos F. Patiño\Workspace\Sistema-web-de-Gestion-de-Incidencias\backend\api\tests\Feature\IncidenciaTest.php" line="256" class="Tests\Feature\IncidenciaTest" classname="Tests.Feature.IncidenciaTest" assertions="4" time="0.082761"/>
        <testcase name="test_ciudadano_can_access_catalogos" file="E:\Users\Carlos F. Patiño\Workspace\Sistema-web-de-Gestion-de-Incidencias\backend\api\tests\Feature\IncidenciaTest.php" line="286" class="Tests\Feature\IncidenciaTest" classname="Tests.Feature.IncidenciaTest" assertions="2" time="0.060100"/>
        <testcase name="test_can_soft_delete_incidencia" file="E:\Users\Carlos F. Patiño\Workspace\Sistema-web-de-Gestion-de-Incidencias\backend\api\tests\Feature\IncidenciaTest.php" line="302" class="Tests\Feature\IncidenciaTest" classname="Tests.Feature.IncidenciaTest" assertions="4" time="0.061542"/>
        <testcase name="test_can_change_incidencia_status" file="E:\Users\Carlos F. Patiño\Workspace\Sistema-web-de-Gestion-de-Incidencias\backend\api\tests\Feature\IncidenciaTest.php" line="336" class="Tests\Feature\IncidenciaTest" classname="Tests.Feature.IncidenciaTest" assertions="3" time="0.079933"/>
        <testcase name="test_can_filter_incidencias_by_estado" file="E:\Users\Carlos F. Patiño\Workspace\Sistema-web-de-Gestion-de-Incidencias\backend\api\tests\Feature\IncidenciaTest.php" line="374" class="Tests\Feature\IncidenciaTest" classname="Tests.Feature.IncidenciaTest" assertions="3" time="0.075139"/>
        <testcase name="test_can_filter_incidencias_by_tipo" file="E:\Users\Carlos F. Patiño\Workspace\Sistema-web-de-Gestion-de-Incidencias\backend\api\tests\Feature\IncidenciaTest.php" line="418" class="Tests\Feature\IncidenciaTest" classname="Tests.Feature.IncidenciaTest" assertions="3" time="0.088678"/>
        <testcase name="test_validates_latitud_out_of_range" file="E:\Users\Carlos F. Patiño\Workspace\Sistema-web-de-Gestion-de-Incidencias\backend\api\tests\Feature\IncidenciaTest.php" line="463" class="Tests\Feature\IncidenciaTest" classname="Tests.Feature.IncidenciaTest" assertions="3" time="0.078707"/>
        <testcase name="test_validates_longitud_out_of_range" file="E:\Users\Carlos F. Patiño\Workspace\Sistema-web-de-Gestion-de-Incidencias\backend\api\tests\Feature\IncidenciaTest.php" line="483" class="Tests\Feature\IncidenciaTest" classname="Tests.Feature.IncidenciaTest" assertions="3" time="0.082720"/>
        <testcase name="test_validates_required_fields_on_incidencia" file="E:\Users\Carlos F. Patiño\Workspace\Sistema-web-de-Gestion-de-Incidencias\backend\api\tests\Feature\IncidenciaTest.php" line="503" class="Tests\Feature\IncidenciaTest" classname="Tests.Feature.IncidenciaTest" assertions="4" time="0.069750"/>
        <testcase name="test_validates_tipo_and_subtipo_exist" file="E:\Users\Carlos F. Patiño\Workspace\Sistema-web-de-Gestion-de-Incidencias\backend\api\tests\Feature\IncidenciaTest.php" line="521" class="Tests\Feature\IncidenciaTest" classname="Tests.Feature.IncidenciaTest" assertions="4" time="0.066399"/>
        <testcase name="test_incidents_within_threshold_group_and_increment_affected_count" file="E:\Users\Carlos F. Patiño\Workspace\Sistema-web-de-Gestion-de-Incidencias\backend\api\tests\Feature\IncidenciaTest.php" line="539" class="Tests\Feature\IncidenciaTest" classname="Tests.Feature.IncidenciaTest" assertions="4" time="0.091431"/>
        <testcase name="test_incidents_outside_threshold_do_not_group" file="E:\Users\Carlos F. Patiño\Workspace\Sistema-web-de-Gestion-de-Incidencias\backend\api\tests\Feature\IncidenciaTest.php" line="593" class="Tests\Feature\IncidenciaTest" classname="Tests.Feature.IncidenciaTest" assertions="4" time="0.085088"/>
        <testcase name="test_citizen_can_view_grouped_incident_where_they_are_reportante" file="E:\Users\Carlos F. Patiño\Workspace\Sistema-web-de-Gestion-de-Incidencias\backend\api\tests\Feature\IncidenciaTest.php" line="648" class="Tests\Feature\IncidenciaTest" classname="Tests.Feature.IncidenciaTest" assertions="3" time="0.103425"/>
        <testcase name="test_system_automatically_assigns_institution_based_on_subcategory" file="E:\Users\Carlos F. Patiño\Workspace\Sistema-web-de-Gestion-de-Incidencias\backend\api\tests\Feature\IncidenciaTest.php" line="717" class="Tests\Feature\IncidenciaTest" classname="Tests.Feature.IncidenciaTest" assertions="3" time="0.079075"/>
        <testcase name="test_system_applies_local_timezone_on_creation" file="E:\Users\Carlos F. Patiño\Workspace\Sistema-web-de-Gestion-de-Incidencias\backend\api\tests\Feature\IncidenciaTest.php" line="740" class="Tests\Feature\IncidenciaTest" classname="Tests.Feature.IncidenciaTest" assertions="3" time="0.082026"/>
      </testsuite>
      <testsuite name="Tests\Feature\OpcionMenuTest" file="E:\Users\Carlos F. Patiño\Workspace\Sistema-web-de-Gestion-de-Incidencias\backend\api\tests\Feature\OpcionMenuTest.php" tests="8" assertions="40" errors="0" failures="0" skipped="0" time="0.432913">
        <testcase name="test_can_list_menu_options_flat" file="E:\Users\Carlos F. Patiño\Workspace\Sistema-web-de-Gestion-de-Incidencias\backend\api\tests\Feature\OpcionMenuTest.php" line="23" class="Tests\Feature\OpcionMenuTest" classname="Tests.Feature.OpcionMenuTest" assertions="17" time="0.073807"/>
        <testcase name="test_can_list_menu_options_as_tree" file="E:\Users\Carlos F. Patiño\Workspace\Sistema-web-de-Gestion-de-Incidencias\backend\api\tests\Feature\OpcionMenuTest.php" line="50" class="Tests\Feature\OpcionMenuTest" classname="Tests.Feature.OpcionMenuTest" assertions="4" time="0.052101"/>
        <testcase name="test_can_create_menu_option" file="E:\Users\Carlos F. Patiño\Workspace\Sistema-web-de-Gestion-de-Incidencias\backend\api\tests\Feature\OpcionMenuTest.php" line="73" class="Tests\Feature\OpcionMenuTest" classname="Tests.Feature.OpcionMenuTest" assertions="4" time="0.046974"/>
        <testcase name="test_cannot_create_menu_option_with_invalid_parent" file="E:\Users\Carlos F. Patiño\Workspace\Sistema-web-de-Gestion-de-Incidencias\backend\api\tests\Feature\OpcionMenuTest.php" line="93" class="Tests\Feature\OpcionMenuTest" classname="Tests.Feature.OpcionMenuTest" assertions="3" time="0.051377"/>
        <testcase name="test_can_show_menu_option" file="E:\Users\Carlos F. Patiño\Workspace\Sistema-web-de-Gestion-de-Incidencias\backend\api\tests\Feature\OpcionMenuTest.php" line="107" class="Tests\Feature\OpcionMenuTest" classname="Tests.Feature.OpcionMenuTest" assertions="2" time="0.055107"/>
        <testcase name="test_can_update_menu_option" file="E:\Users\Carlos F. Patiño\Workspace\Sistema-web-de-Gestion-de-Incidencias\backend\api\tests\Feature\OpcionMenuTest.php" line="121" class="Tests\Feature\OpcionMenuTest" classname="Tests.Feature.OpcionMenuTest" assertions="4" time="0.051514"/>
        <testcase name="test_cannot_set_menu_option_as_its_own_parent" file="E:\Users\Carlos F. Patiño\Workspace\Sistema-web-de-Gestion-de-Incidencias\backend\api\tests\Feature\OpcionMenuTest.php" line="146" class="Tests\Feature\OpcionMenuTest" classname="Tests.Feature.OpcionMenuTest" assertions="3" time="0.045432"/>
        <testcase name="test_can_soft_delete_menu_option" file="E:\Users\Carlos F. Patiño\Workspace\Sistema-web-de-Gestion-de-Incidencias\backend\api\tests\Feature\OpcionMenuTest.php" line="165" class="Tests\Feature\OpcionMenuTest" classname="Tests.Feature.OpcionMenuTest" assertions="3" time="0.056600"/>
      </testsuite>
      <testsuite name="Tests\Feature\RoleIntegrationTest" file="E:\Users\Carlos F. Patiño\Workspace\Sistema-web-de-Gestion-de-Incidencias\backend\api\tests\Feature\RoleIntegrationTest.php" tests="1" assertions="1" errors="0" failures="0" skipped="0" time="0.058604">
        <testcase name="test_se_pueden_listar_roles" file="E:\Users\Carlos F. Patiño\Workspace\Sistema-web-de-Gestion-de-Incidencias\backend\api\tests\Feature\RoleIntegrationTest.php" line="29" class="Tests\Feature\RoleIntegrationTest" classname="Tests.Feature.RoleIntegrationTest" assertions="1" time="0.058604"/>
      </testsuite>
      <testsuite name="Tests\Feature\TerritorioAccesoTest" file="E:\Users\Carlos F. Patiño\Workspace\Sistema-web-de-Gestion-de-Incidencias\backend\api\tests\Feature\TerritorioAccesoTest.php" tests="1" assertions="5" errors="0" failures="0" skipped="0" time="0.094397">
        <testcase name="test_supervisor_only_sees_incidents_in_assigned_territories_and_descendants" file="E:\Users\Carlos F. Patiño\Workspace\Sistema-web-de-Gestion-de-Incidencias\backend\api\tests\Feature\TerritorioAccesoTest.php" line="24" class="Tests\Feature\TerritorioAccesoTest" classname="Tests.Feature.TerritorioAccesoTest" assertions="5" time="0.094397"/>
      </testsuite>
    </testsuite>
  </testsuite>
</testsuites>
