<?xml version="1.0" encoding="UTF-8"?>
<testsuites>
  <testsuite name="E:\Users\Carlos F. Patiño\Workspace\Sistema-web-de-Gestion-de-Incidencias\backend\api\phpunit.xml" tests="43" assertions="160" errors="0" failures="0" skipped="0" time="3.163749">
    <testsuite name="Unit" tests="1" assertions="1" errors="0" failures="0" skipped="0" time="0.001552">
      <testsuite name="Tests\Unit\ExampleTest" file="E:\Users\Carlos F. Patiño\Workspace\Sistema-web-de-Gestion-de-Incidencias\backend\api\tests\Unit\ExampleTest.php" tests="1" assertions="1" errors="0" failures="0" skipped="0" time="0.001552">
        <testcase name="test_that_true_is_true" file="E:\Users\Carlos F. Patiño\Workspace\Sistema-web-de-Gestion-de-Incidencias\backend\api\tests\Unit\ExampleTest.php" line="12" class="Tests\Unit\ExampleTest" classname="Tests.Unit.ExampleTest" assertions="1" time="0.001552"/>
      </testsuite>
    </testsuite>
    <testsuite name="Feature" tests="42" assertions="159" errors="0" failures="0" skipped="0" time="3.162197">
      <testsuite name="Tests\Feature\AuthTest" file="E:\Users\Carlos F. Patiño\Workspace\Sistema-web-de-Gestion-de-Incidencias\backend\api\tests\Feature\AuthTest.php" tests="5" assertions="8" errors="0" failures="0" skipped="0" time="0.916778">
        <testcase name="test_cannot_access_protected_route_without_token" file="E:\Users\Carlos F. Patiño\Workspace\Sistema-web-de-Gestion-de-Incidencias\backend\api\tests\Feature\AuthTest.php" line="17" class="Tests\Feature\AuthTest" classname="Tests.Feature.AuthTest" assertions="1" time="0.661413"/>
        <testcase name="test_ciudadano_cannot_access_admin_routes" file="E:\Users\Carlos F. Patiño\Workspace\Sistema-web-de-Gestion-de-Incidencias\backend\api\tests\Feature\AuthTest.php" line="24" class="Tests\Feature\AuthTest" classname="Tests.Feature.AuthTest" assertions="1" time="0.110037"/>
        <testcase name="test_rejects_invalid_or_manipulated_token" file="E:\Users\Carlos F. Patiño\Workspace\Sistema-web-de-Gestion-de-Incidencias\backend\api\tests\Feature\AuthTest.php" line="38" class="Tests\Feature\AuthTest" classname="Tests.Feature.AuthTest" assertions="1" time="0.037797"/>
        <testcase name="test_cannot_access_after_logout_or_token_revocation" file="E:\Users\Carlos F. Patiño\Workspace\Sistema-web-de-Gestion-de-Incidencias\backend\api\tests\Feature\AuthTest.php" line="48" class="Tests\Feature\AuthTest" classname="Tests.Feature.AuthTest" assertions="1" time="0.042119"/>
        <testcase name="test_menu_options_are_filtered_by_role" file="E:\Users\Carlos F. Patiño\Workspace\Sistema-web-de-Gestion-de-Incidencias\backend\api\tests\Feature\AuthTest.php" line="66" class="Tests\Feature\AuthTest" classname="Tests.Feature.AuthTest" assertions="4" time="0.065411"/>
      </testsuite>
      <testsuite name="Tests\Feature\CatalogoTest" file="E:\Users\Carlos F. Patiño\Workspace\Sistema-web-de-Gestion-de-Incidencias\backend\api\tests\Feature\CatalogoTest.php" tests="5" assertions="34" errors="0" failures="0" skipped="0" time="0.383611">
        <testcase name="test_no_se_puede_acceder_a_catalogos_sin_autenticacion" file="E:\Users\Carlos F. Patiño\Workspace\Sistema-web-de-Gestion-de-Incidencias\backend\api\tests\Feature\CatalogoTest.php" line="33" class="Tests\Feature\CatalogoTest" classname="Tests.Feature.CatalogoTest" assertions="1" time="0.086126"/>
        <testcase name="test_se_pueden_listar_paises" file="E:\Users\Carlos F. Patiño\Workspace\Sistema-web-de-Gestion-de-Incidencias\backend\api\tests\Feature\CatalogoTest.php" line="39" class="Tests\Feature\CatalogoTest" classname="Tests.Feature.CatalogoTest" assertions="5" time="0.101901"/>
        <testcase name="test_se_pueden_listar_territorios_filtrados" file="E:\Users\Carlos F. Patiño\Workspace\Sistema-web-de-Gestion-de-Incidencias\backend\api\tests\Feature\CatalogoTest.php" line="56" class="Tests\Feature\CatalogoTest" classname="Tests.Feature.CatalogoTest" assertions="10" time="0.072058"/>
        <testcase name="test_se_pueden_listar_direcciones_filtradas" file="E:\Users\Carlos F. Patiño\Workspace\Sistema-web-de-Gestion-de-Incidencias\backend\api\tests\Feature\CatalogoTest.php" line="107" class="Tests\Feature\CatalogoTest" classname="Tests.Feature.CatalogoTest" assertions="4" time="0.056078"/>
        <testcase name="test_se_pueden_listar_categorias_incidencia_filtradas" file="E:\Users\Carlos F. Patiño\Workspace\Sistema-web-de-Gestion-de-Incidencias\backend\api\tests\Feature\CatalogoTest.php" line="136" class="Tests\Feature\CatalogoTest" classname="Tests.Feature.CatalogoTest" assertions="14" time="0.067448"/>
      </testsuite>
      <testsuite name="Tests\Feature\DireccionTest" file="E:\Users\Carlos F. Patiño\Workspace\Sistema-web-de-Gestion-de-Incidencias\backend\api\tests\Feature\DireccionTest.php" tests="5" assertions="16" errors="0" failures="0" skipped="0" time="0.270955">
        <testcase name="test_can_list_direcciones" file="E:\Users\Carlos F. Patiño\Workspace\Sistema-web-de-Gestion-de-Incidencias\backend\api\tests\Feature\DireccionTest.php" line="42" class="Tests\Feature\DireccionTest" classname="Tests.Feature.DireccionTest" assertions="3" time="0.058031"/>
        <testcase name="test_can_create_direccion" file="E:\Users\Carlos F. Patiño\Workspace\Sistema-web-de-Gestion-de-Incidencias\backend\api\tests\Feature\DireccionTest.php" line="59" class="Tests\Feature\DireccionTest" classname="Tests.Feature.DireccionTest" assertions="3" time="0.062058"/>
        <testcase name="test_cannot_create_direccion_with_invalid_data" file="E:\Users\Carlos F. Patiño\Workspace\Sistema-web-de-Gestion-de-Incidencias\backend\api\tests\Feature\DireccionTest.php" line="82" class="Tests\Feature\DireccionTest" classname="Tests.Feature.DireccionTest" assertions="5" time="0.048582"/>
        <testcase name="test_can_update_direccion" file="E:\Users\Carlos F. Patiño\Workspace\Sistema-web-de-Gestion-de-Incidencias\backend\api\tests\Feature\DireccionTest.php" line="96" class="Tests\Feature\DireccionTest" classname="Tests.Feature.DireccionTest" assertions="3" time="0.058167"/>
        <testcase name="test_can_delete_direccion" file="E:\Users\Carlos F. Patiño\Workspace\Sistema-web-de-Gestion-de-Incidencias\backend\api\tests\Feature\DireccionTest.php" line="119" class="Tests\Feature\DireccionTest" classname="Tests.Feature.DireccionTest" assertions="2" time="0.044118"/>
      </testsuite>
      <testsuite name="Tests\Feature\ExampleTest" file="E:\Users\Carlos F. Patiño\Workspace\Sistema-web-de-Gestion-de-Incidencias\backend\api\tests\Feature\ExampleTest.php" tests="1" assertions="1" errors="0" failures="0" skipped="0" time="0.066386">
        <testcase name="test_the_application_returns_a_successful_response" file="E:\Users\Carlos F. Patiño\Workspace\Sistema-web-de-Gestion-de-Incidencias\backend\api\tests\Feature\ExampleTest.php" line="14" class="Tests\Feature\ExampleTest" classname="Tests.Feature.ExampleTest" assertions="1" time="0.066386"/>
      </testsuite>
      <testsuite name="Tests\Feature\IncidenciaTest" file="E:\Users\Carlos F. Patiño\Workspace\Sistema-web-de-Gestion-de-Incidencias\backend\api\tests\Feature\IncidenciaTest.php" tests="17" assertions="59" errors="0" failures="0" skipped="0" time="1.111039">
        <testcase name="test_can_create_incidencia_recalculates_priority_normal" file="E:\Users\Carlos F. Patiño\Workspace\Sistema-web-de-Gestion-de-Incidencias\backend\api\tests\Feature\IncidenciaTest.php" line="109" class="Tests\Feature\IncidenciaTest" classname="Tests.Feature.IncidenciaTest" assertions="4" time="0.089329"/>
        <testcase name="test_can_create_incidencia_recalculates_priority_critical_when_affected_over_threshold" file="E:\Users\Carlos F. Patiño\Workspace\Sistema-web-de-Gestion-de-Incidencias\backend\api\tests\Feature\IncidenciaTest.php" line="131" class="Tests\Feature\IncidenciaTest" classname="Tests.Feature.IncidenciaTest" assertions="2" time="0.065098"/>
        <testcase name="test_can_update_incidencia_with_optimistic_locking" file="E:\Users\Carlos F. Patiño\Workspace\Sistema-web-de-Gestion-de-Incidencias\backend\api\tests\Feature\IncidenciaTest.php" line="151" class="Tests\Feature\IncidenciaTest" classname="Tests.Feature.IncidenciaTest" assertions="4" time="0.061852"/>
        <testcase name="test_role_based_visibility_for_institucion" file="E:\Users\Carlos F. Patiño\Workspace\Sistema-web-de-Gestion-de-Incidencias\backend\api\tests\Feature\IncidenciaTest.php" line="198" class="Tests\Feature\IncidenciaTest" classname="Tests.Feature.IncidenciaTest" assertions="5" time="0.081017"/>
        <testcase name="test_ciudadano_can_create_incidencia" file="E:\Users\Carlos F. Patiño\Workspace\Sistema-web-de-Gestion-de-Incidencias\backend\api\tests\Feature\IncidenciaTest.php" line="259" class="Tests\Feature\IncidenciaTest" classname="Tests.Feature.IncidenciaTest" assertions="4" time="0.078644"/>
        <testcase name="test_ciudadano_can_access_catalogos" file="E:\Users\Carlos F. Patiño\Workspace\Sistema-web-de-Gestion-de-Incidencias\backend\api\tests\Feature\IncidenciaTest.php" line="289" class="Tests\Feature\IncidenciaTest" classname="Tests.Feature.IncidenciaTest" assertions="2" time="0.050616"/>
        <testcase name="test_can_soft_delete_incidencia" file="E:\Users\Carlos F. Patiño\Workspace\Sistema-web-de-Gestion-de-Incidencias\backend\api\tests\Feature\IncidenciaTest.php" line="305" class="Tests\Feature\IncidenciaTest" classname="Tests.Feature.IncidenciaTest" assertions="4" time="0.053932"/>
        <testcase name="test_can_change_incidencia_status" file="E:\Users\Carlos F. Patiño\Workspace\Sistema-web-de-Gestion-de-Incidencias\backend\api\tests\Feature\IncidenciaTest.php" line="339" class="Tests\Feature\IncidenciaTest" classname="Tests.Feature.IncidenciaTest" assertions="3" time="0.062621"/>
        <testcase name="test_can_filter_incidencias_by_estado" file="E:\Users\Carlos F. Patiño\Workspace\Sistema-web-de-Gestion-de-Incidencias\backend\api\tests\Feature\IncidenciaTest.php" line="377" class="Tests\Feature\IncidenciaTest" classname="Tests.Feature.IncidenciaTest" assertions="3" time="0.069666"/>
        <testcase name="test_can_filter_incidencias_by_tipo" file="E:\Users\Carlos F. Patiño\Workspace\Sistema-web-de-Gestion-de-Incidencias\backend\api\tests\Feature\IncidenciaTest.php" line="421" class="Tests\Feature\IncidenciaTest" classname="Tests.Feature.IncidenciaTest" assertions="3" time="0.059122"/>
        <testcase name="test_validates_latitud_out_of_range" file="E:\Users\Carlos F. Patiño\Workspace\Sistema-web-de-Gestion-de-Incidencias\backend\api\tests\Feature\IncidenciaTest.php" line="464" class="Tests\Feature\IncidenciaTest" classname="Tests.Feature.IncidenciaTest" assertions="3" time="0.050630"/>
        <testcase name="test_validates_longitud_out_of_range" file="E:\Users\Carlos F. Patiño\Workspace\Sistema-web-de-Gestion-de-Incidencias\backend\api\tests\Feature\IncidenciaTest.php" line="483" class="Tests\Feature\IncidenciaTest" classname="Tests.Feature.IncidenciaTest" assertions="3" time="0.051944"/>
        <testcase name="test_validates_required_fields_on_incidencia" file="E:\Users\Carlos F. Patiño\Workspace\Sistema-web-de-Gestion-de-Incidencias\backend\api\tests\Feature\IncidenciaTest.php" line="502" class="Tests\Feature\IncidenciaTest" classname="Tests.Feature.IncidenciaTest" assertions="4" time="0.052032"/>
        <testcase name="test_validates_tipo_and_subtipo_exist" file="E:\Users\Carlos F. Patiño\Workspace\Sistema-web-de-Gestion-de-Incidencias\backend\api\tests\Feature\IncidenciaTest.php" line="519" class="Tests\Feature\IncidenciaTest" classname="Tests.Feature.IncidenciaTest" assertions="4" time="0.060506"/>
        <testcase name="test_incidents_within_threshold_group_and_increment_affected_count" file="E:\Users\Carlos F. Patiño\Workspace\Sistema-web-de-Gestion-de-Incidencias\backend\api\tests\Feature\IncidenciaTest.php" line="536" class="Tests\Feature\IncidenciaTest" classname="Tests.Feature.IncidenciaTest" assertions="4" time="0.065428"/>
        <testcase name="test_incidents_outside_threshold_do_not_group" file="E:\Users\Carlos F. Patiño\Workspace\Sistema-web-de-Gestion-de-Incidencias\backend\api\tests\Feature\IncidenciaTest.php" line="590" class="Tests\Feature\IncidenciaTest" classname="Tests.Feature.IncidenciaTest" assertions="4" time="0.064910"/>
        <testcase name="test_citizen_can_view_grouped_incident_where_they_are_reportante" file="E:\Users\Carlos F. Patiño\Workspace\Sistema-web-de-Gestion-de-Incidencias\backend\api\tests\Feature\IncidenciaTest.php" line="645" class="Tests\Feature\IncidenciaTest" classname="Tests.Feature.IncidenciaTest" assertions="3" time="0.093692"/>
      </testsuite>
      <testsuite name="Tests\Feature\OpcionMenuTest" file="E:\Users\Carlos F. Patiño\Workspace\Sistema-web-de-Gestion-de-Incidencias\backend\api\tests\Feature\OpcionMenuTest.php" tests="8" assertions="40" errors="0" failures="0" skipped="0" time="0.363544">
        <testcase name="test_can_list_menu_options_flat" file="E:\Users\Carlos F. Patiño\Workspace\Sistema-web-de-Gestion-de-Incidencias\backend\api\tests\Feature\OpcionMenuTest.php" line="23" class="Tests\Feature\OpcionMenuTest" classname="Tests.Feature.OpcionMenuTest" assertions="17" time="0.059536"/>
        <testcase name="test_can_list_menu_options_as_tree" file="E:\Users\Carlos F. Patiño\Workspace\Sistema-web-de-Gestion-de-Incidencias\backend\api\tests\Feature\OpcionMenuTest.php" line="50" class="Tests\Feature\OpcionMenuTest" classname="Tests.Feature.OpcionMenuTest" assertions="4" time="0.042228"/>
        <testcase name="test_can_create_menu_option" file="E:\Users\Carlos F. Patiño\Workspace\Sistema-web-de-Gestion-de-Incidencias\backend\api\tests\Feature\OpcionMenuTest.php" line="73" class="Tests\Feature\OpcionMenuTest" classname="Tests.Feature.OpcionMenuTest" assertions="4" time="0.044529"/>
        <testcase name="test_cannot_create_menu_option_with_invalid_parent" file="E:\Users\Carlos F. Patiño\Workspace\Sistema-web-de-Gestion-de-Incidencias\backend\api\tests\Feature\OpcionMenuTest.php" line="93" class="Tests\Feature\OpcionMenuTest" classname="Tests.Feature.OpcionMenuTest" assertions="3" time="0.043717"/>
        <testcase name="test_can_show_menu_option" file="E:\Users\Carlos F. Patiño\Workspace\Sistema-web-de-Gestion-de-Incidencias\backend\api\tests\Feature\OpcionMenuTest.php" line="107" class="Tests\Feature\OpcionMenuTest" classname="Tests.Feature.OpcionMenuTest" assertions="2" time="0.041220"/>
        <testcase name="test_can_update_menu_option" file="E:\Users\Carlos F. Patiño\Workspace\Sistema-web-de-Gestion-de-Incidencias\backend\api\tests\Feature\OpcionMenuTest.php" line="121" class="Tests\Feature\OpcionMenuTest" classname="Tests.Feature.OpcionMenuTest" assertions="4" time="0.047934"/>
        <testcase name="test_cannot_set_menu_option_as_its_own_parent" file="E:\Users\Carlos F. Patiño\Workspace\Sistema-web-de-Gestion-de-Incidencias\backend\api\tests\Feature\OpcionMenuTest.php" line="146" class="Tests\Feature\OpcionMenuTest" classname="Tests.Feature.OpcionMenuTest" assertions="3" time="0.041474"/>
        <testcase name="test_can_soft_delete_menu_option" file="E:\Users\Carlos F. Patiño\Workspace\Sistema-web-de-Gestion-de-Incidencias\backend\api\tests\Feature\OpcionMenuTest.php" line="165" class="Tests\Feature\OpcionMenuTest" classname="Tests.Feature.OpcionMenuTest" assertions="3" time="0.042906"/>
      </testsuite>
      <testsuite name="Tests\Feature\RoleIntegrationTest" file="E:\Users\Carlos F. Patiño\Workspace\Sistema-web-de-Gestion-de-Incidencias\backend\api\tests\Feature\RoleIntegrationTest.php" tests="1" assertions="1" errors="0" failures="0" skipped="0" time="0.049884">
        <testcase name="test_se_pueden_listar_roles" file="E:\Users\Carlos F. Patiño\Workspace\Sistema-web-de-Gestion-de-Incidencias\backend\api\tests\Feature\RoleIntegrationTest.php" line="29" class="Tests\Feature\RoleIntegrationTest" classname="Tests.Feature.RoleIntegrationTest" assertions="1" time="0.049884"/>
      </testsuite>
    </testsuite>
  </testsuite>
</testsuites>
