<?xml version="1.0" encoding="UTF-8"?>
<coverage generated="1784847332">
  <project timestamp="1784847332" name="Clover Coverage">
    <package name="App\Console\Commands">
      <file name="E:\Users\Carlos F. Patiño\Workspace\Sistema-web-de-Gestion-de-Incidencias\backend\api\app\Console\Commands\CalculateCf.php">
        <class name="App\Console\Commands\CalculateCf" namespace="App\Console\Commands">
          <metrics complexity="36" methods="9" coveredmethods="0" conditionals="0" coveredconditionals="0" statements="162" coveredstatements="0" elements="171" coveredelements="0"/>
        </class>
        <line num="19" type="method" name="handle" visibility="public" complexity="4" crap="20" count="0"/>
        <line num="21" type="stmt" count="0"/>
        <line num="24" type="stmt" count="0"/>
        <line num="25" type="stmt" count="0"/>
        <line num="26" type="stmt" count="0"/>
        <line num="28" type="stmt" count="0"/>
        <line num="30" type="stmt" count="0"/>
        <line num="33" type="stmt" count="0"/>
        <line num="36" type="stmt" count="0"/>
        <line num="37" type="stmt" count="0"/>
        <line num="38" type="stmt" count="0"/>
        <line num="42" type="stmt" count="0"/>
        <line num="45" type="stmt" count="0"/>
        <line num="47" type="stmt" count="0"/>
        <line num="48" type="stmt" count="0"/>
        <line num="51" type="stmt" count="0"/>
        <line num="52" type="stmt" count="0"/>
        <line num="54" type="stmt" count="0"/>
        <line num="60" type="method" name="loadXmlReport" visibility="private" complexity="4" crap="20" count="0"/>
        <line num="62" type="stmt" count="0"/>
        <line num="63" type="stmt" count="0"/>
        <line num="64" type="stmt" count="0"/>
        <line num="66" type="stmt" count="0"/>
        <line num="69" type="stmt" count="0"/>
        <line num="70" type="stmt" count="0"/>
        <line num="71" type="stmt" count="0"/>
        <line num="73" type="stmt" count="0"/>
        <line num="76" type="stmt" count="0"/>
        <line num="83" type="method" name="calculateCoverage" visibility="private" complexity="5" crap="30" count="0"/>
        <line num="85" type="stmt" count="0"/>
        <line num="86" type="stmt" count="0"/>
        <line num="88" type="stmt" count="0"/>
        <line num="90" type="stmt" count="0"/>
        <line num="91" type="stmt" count="0"/>
        <line num="92" type="stmt" count="0"/>
        <line num="93" type="stmt" count="0"/>
        <line num="94" type="stmt" count="0"/>
        <line num="95" type="stmt" count="0"/>
        <line num="96" type="stmt" count="0"/>
        <line num="98" type="stmt" count="0"/>
        <line num="102" type="stmt" count="0"/>
        <line num="104" type="stmt" count="0"/>
        <line num="105" type="stmt" count="0"/>
        <line num="106" type="stmt" count="0"/>
        <line num="107" type="stmt" count="0"/>
        <line num="108" type="stmt" count="0"/>
        <line num="109" type="stmt" count="0"/>
        <line num="110" type="stmt" count="0"/>
        <line num="111" type="stmt" count="0"/>
        <line num="113" type="stmt" count="0"/>
        <line num="114" type="stmt" count="0"/>
        <line num="115" type="stmt" count="0"/>
        <line num="116" type="stmt" count="0"/>
        <line num="117" type="stmt" count="0"/>
        <line num="118" type="stmt" count="0"/>
        <line num="122" type="stmt" count="0"/>
        <line num="129" type="method" name="validateTestsForHu" visibility="private" complexity="4" crap="20" count="0"/>
        <line num="131" type="stmt" count="0"/>
        <line num="133" type="stmt" count="0"/>
        <line num="134" type="stmt" count="0"/>
        <line num="137" type="stmt" count="0"/>
        <line num="138" type="stmt" count="0"/>
        <line num="142" type="stmt" count="0"/>
        <line num="148" type="method" name="printCoverageReport" visibility="private" complexity="3" crap="12" count="0"/>
        <line num="150" type="stmt" count="0"/>
        <line num="152" type="stmt" count="0"/>
        <line num="153" type="stmt" count="0"/>
        <line num="154" type="stmt" count="0"/>
        <line num="155" type="stmt" count="0"/>
        <line num="156" type="stmt" count="0"/>
        <line num="157" type="stmt" count="0"/>
        <line num="160" type="stmt" count="0"/>
        <line num="161" type="stmt" count="0"/>
        <line num="162" type="stmt" count="0"/>
        <line num="163" type="stmt" count="0"/>
        <line num="165" type="stmt" count="0"/>
        <line num="173" type="method" name="saveMetricsToOlap" visibility="private" complexity="4" crap="20" count="0"/>
        <line num="175" type="stmt" count="0"/>
        <line num="176" type="stmt" count="0"/>
        <line num="179" type="stmt" count="0"/>
        <line num="180" type="stmt" count="0"/>
        <line num="181" type="stmt" count="0"/>
        <line num="182" type="stmt" count="0"/>
        <line num="183" type="stmt" count="0"/>
        <line num="184" type="stmt" count="0"/>
        <line num="185" type="stmt" count="0"/>
        <line num="186" type="stmt" count="0"/>
        <line num="187" type="stmt" count="0"/>
        <line num="188" type="stmt" count="0"/>
        <line num="189" type="stmt" count="0"/>
        <line num="190" type="stmt" count="0"/>
        <line num="191" type="stmt" count="0"/>
        <line num="192" type="stmt" count="0"/>
        <line num="195" type="stmt" count="0"/>
        <line num="196" type="stmt" count="0"/>
        <line num="197" type="stmt" count="0"/>
        <line num="199" type="stmt" count="0"/>
        <line num="200" type="stmt" count="0"/>
        <line num="201" type="stmt" count="0"/>
        <line num="202" type="stmt" count="0"/>
        <line num="203" type="stmt" count="0"/>
        <line num="204" type="stmt" count="0"/>
        <line num="205" type="stmt" count="0"/>
        <line num="206" type="stmt" count="0"/>
        <line num="207" type="stmt" count="0"/>
        <line num="211" type="stmt" count="0"/>
        <line num="212" type="stmt" count="0"/>
        <line num="213" type="stmt" count="0"/>
        <line num="214" type="stmt" count="0"/>
        <line num="215" type="stmt" count="0"/>
        <line num="216" type="stmt" count="0"/>
        <line num="217" type="stmt" count="0"/>
        <line num="220" type="stmt" count="0"/>
        <line num="222" type="stmt" count="0"/>
        <line num="223" type="stmt" count="0"/>
        <line num="224" type="stmt" count="0"/>
        <line num="225" type="stmt" count="0"/>
        <line num="226" type="stmt" count="0"/>
        <line num="227" type="stmt" count="0"/>
        <line num="228" type="stmt" count="0"/>
        <line num="229" type="stmt" count="0"/>
        <line num="231" type="stmt" count="0"/>
        <line num="232" type="stmt" count="0"/>
        <line num="233" type="stmt" count="0"/>
        <line num="236" type="stmt" count="0"/>
        <line num="237" type="stmt" count="0"/>
        <line num="238" type="stmt" count="0"/>
        <line num="239" type="stmt" count="0"/>
        <line num="240" type="stmt" count="0"/>
        <line num="241" type="stmt" count="0"/>
        <line num="242" type="stmt" count="0"/>
        <line num="245" type="stmt" count="0"/>
        <line num="251" type="method" name="extractHUsFromMarkdown" visibility="private" complexity="3" crap="12" count="0"/>
        <line num="253" type="stmt" count="0"/>
        <line num="254" type="stmt" count="0"/>
        <line num="255" type="stmt" count="0"/>
        <line num="258" type="stmt" count="0"/>
        <line num="259" type="stmt" count="0"/>
        <line num="262" type="stmt" count="0"/>
        <line num="264" type="stmt" count="0"/>
        <line num="265" type="stmt" count="0"/>
        <line num="268" type="stmt" count="0"/>
        <line num="275" type="method" name="extractTestMappings" visibility="private" complexity="6" crap="42" count="0"/>
        <line num="277" type="stmt" count="0"/>
        <line num="278" type="stmt" count="0"/>
        <line num="280" type="stmt" count="0"/>
        <line num="282" type="stmt" count="0"/>
        <line num="283" type="stmt" count="0"/>
        <line num="284" type="stmt" count="0"/>
        <line num="287" type="stmt" count="0"/>
        <line num="290" type="stmt" count="0"/>
        <line num="292" type="stmt" count="0"/>
        <line num="293" type="stmt" count="0"/>
        <line num="294" type="stmt" count="0"/>
        <line num="297" type="stmt" count="0"/>
        <line num="298" type="stmt" count="0"/>
        <line num="299" type="stmt" count="0"/>
        <line num="300" type="stmt" count="0"/>
        <line num="302" type="stmt" count="0"/>
        <line num="307" type="stmt" count="0"/>
        <line num="313" type="method" name="parseXmlTestResults" visibility="private" complexity="3" crap="12" count="0"/>
        <line num="315" type="stmt" count="0"/>
        <line num="317" type="stmt" count="0"/>
        <line num="319" type="stmt" count="0"/>
        <line num="320" type="stmt" count="0"/>
        <line num="322" type="stmt" count="0"/>
        <line num="323" type="stmt" count="0"/>
        <line num="325" type="stmt" count="0"/>
        <line num="326" type="stmt" count="0"/>
        <line num="327" type="stmt" count="0"/>
        <line num="330" type="stmt" count="0"/>
        <metrics loc="333" ncloc="283" classes="1" methods="9" coveredmethods="0" conditionals="0" coveredconditionals="0" statements="162" coveredstatements="0" elements="171" coveredelements="0"/>
      </file>
      <file name="E:\Users\Carlos F. Patiño\Workspace\Sistema-web-de-Gestion-de-Incidencias\backend\api\app\Console\Commands\CalculateDd.php">
        <class name="App\Console\Commands\CalculateDd" namespace="App\Console\Commands">
          <metrics complexity="26" methods="2" coveredmethods="0" conditionals="0" coveredconditionals="0" statements="111" coveredstatements="0" elements="113" coveredelements="0"/>
        </class>
        <line num="18" type="method" name="handle" visibility="public" complexity="21" crap="462" count="0"/>
        <line num="20" type="stmt" count="0"/>
        <line num="22" type="stmt" count="0"/>
        <line num="24" type="stmt" count="0"/>
        <line num="26" type="stmt" count="0"/>
        <line num="27" type="stmt" count="0"/>
        <line num="29" type="stmt" count="0"/>
        <line num="33" type="stmt" count="0"/>
        <line num="34" type="stmt" count="0"/>
        <line num="35" type="stmt" count="0"/>
        <line num="37" type="stmt" count="0"/>
        <line num="40" type="stmt" count="0"/>
        <line num="41" type="stmt" count="0"/>
        <line num="43" type="stmt" count="0"/>
        <line num="47" type="stmt" count="0"/>
        <line num="48" type="stmt" count="0"/>
        <line num="49" type="stmt" count="0"/>
        <line num="51" type="stmt" count="0"/>
        <line num="52" type="stmt" count="0"/>
        <line num="53" type="stmt" count="0"/>
        <line num="54" type="stmt" count="0"/>
        <line num="55" type="stmt" count="0"/>
        <line num="56" type="stmt" count="0"/>
        <line num="57" type="stmt" count="0"/>
        <line num="59" type="stmt" count="0"/>
        <line num="60" type="stmt" count="0"/>
        <line num="61" type="stmt" count="0"/>
        <line num="65" type="stmt" count="0"/>
        <line num="66" type="stmt" count="0"/>
        <line num="74" type="stmt" count="0"/>
        <line num="75" type="stmt" count="0"/>
        <line num="79" type="stmt" count="0"/>
        <line num="81" type="stmt" count="0"/>
        <line num="83" type="stmt" count="0"/>
        <line num="84" type="stmt" count="0"/>
        <line num="87" type="stmt" count="0"/>
        <line num="88" type="stmt" count="0"/>
        <line num="89" type="stmt" count="0"/>
        <line num="90" type="stmt" count="0"/>
        <line num="91" type="stmt" count="0"/>
        <line num="92" type="stmt" count="0"/>
        <line num="95" type="stmt" count="0"/>
        <line num="96" type="stmt" count="0"/>
        <line num="98" type="stmt" count="0"/>
        <line num="99" type="stmt" count="0"/>
        <line num="100" type="stmt" count="0"/>
        <line num="102" type="stmt" count="0"/>
        <line num="105" type="stmt" count="0"/>
        <line num="106" type="stmt" count="0"/>
        <line num="109" type="stmt" count="0"/>
        <line num="111" type="stmt" count="0"/>
        <line num="112" type="stmt" count="0"/>
        <line num="113" type="stmt" count="0"/>
        <line num="116" type="stmt" count="0"/>
        <line num="117" type="stmt" count="0"/>
        <line num="119" type="stmt" count="0"/>
        <line num="120" type="stmt" count="0"/>
        <line num="121" type="stmt" count="0"/>
        <line num="122" type="stmt" count="0"/>
        <line num="123" type="stmt" count="0"/>
        <line num="124" type="stmt" count="0"/>
        <line num="125" type="stmt" count="0"/>
        <line num="128" type="stmt" count="0"/>
        <line num="129" type="stmt" count="0"/>
        <line num="130" type="stmt" count="0"/>
        <line num="134" type="stmt" count="0"/>
        <line num="135" type="stmt" count="0"/>
        <line num="138" type="stmt" count="0"/>
        <line num="139" type="stmt" count="0"/>
        <line num="140" type="stmt" count="0"/>
        <line num="141" type="stmt" count="0"/>
        <line num="142" type="stmt" count="0"/>
        <line num="143" type="stmt" count="0"/>
        <line num="144" type="stmt" count="0"/>
        <line num="145" type="stmt" count="0"/>
        <line num="146" type="stmt" count="0"/>
        <line num="147" type="stmt" count="0"/>
        <line num="148" type="stmt" count="0"/>
        <line num="149" type="stmt" count="0"/>
        <line num="150" type="stmt" count="0"/>
        <line num="151" type="stmt" count="0"/>
        <line num="154" type="stmt" count="0"/>
        <line num="155" type="stmt" count="0"/>
        <line num="156" type="stmt" count="0"/>
        <line num="158" type="stmt" count="0"/>
        <line num="159" type="stmt" count="0"/>
        <line num="160" type="stmt" count="0"/>
        <line num="161" type="stmt" count="0"/>
        <line num="162" type="stmt" count="0"/>
        <line num="163" type="stmt" count="0"/>
        <line num="164" type="stmt" count="0"/>
        <line num="165" type="stmt" count="0"/>
        <line num="166" type="stmt" count="0"/>
        <line num="170" type="stmt" count="0"/>
        <line num="171" type="stmt" count="0"/>
        <line num="172" type="stmt" count="0"/>
        <line num="174" type="stmt" count="0"/>
        <line num="175" type="stmt" count="0"/>
        <line num="176" type="stmt" count="0"/>
        <line num="177" type="stmt" count="0"/>
        <line num="179" type="stmt" count="0"/>
        <line num="180" type="stmt" count="0"/>
        <line num="182" type="stmt" count="0"/>
        <line num="191" type="method" name="checkDependency" visibility="private" complexity="5" crap="30" count="0"/>
        <line num="194" type="stmt" count="0"/>
        <line num="196" type="stmt" count="0"/>
        <line num="197" type="stmt" count="0"/>
        <line num="200" type="stmt" count="0"/>
        <line num="202" type="stmt" count="0"/>
        <line num="203" type="stmt" count="0"/>
        <line num="204" type="stmt" count="0"/>
        <line num="205" type="stmt" count="0"/>
        <line num="208" type="stmt" count="0"/>
        <metrics loc="211" ncloc="186" classes="1" methods="2" coveredmethods="0" conditionals="0" coveredconditionals="0" statements="111" coveredstatements="0" elements="113" coveredelements="0"/>
      </file>
      <file name="E:\Users\Carlos F. Patiño\Workspace\Sistema-web-de-Gestion-de-Incidencias\backend\api\app\Console\Commands\CalculateTep.php">
        <class name="App\Console\Commands\CalculateTep" namespace="App\Console\Commands">
          <metrics complexity="5" methods="1" coveredmethods="0" conditionals="0" coveredconditionals="0" statements="53" coveredstatements="0" elements="54" coveredelements="0"/>
        </class>
        <line num="18" type="method" name="handle" visibility="public" complexity="5" crap="30" count="0"/>
        <line num="20" type="stmt" count="0"/>
        <line num="22" type="stmt" count="0"/>
        <line num="23" type="stmt" count="0"/>
        <line num="25" type="stmt" count="0"/>
        <line num="28" type="stmt" count="0"/>
        <line num="29" type="stmt" count="0"/>
        <line num="31" type="stmt" count="0"/>
        <line num="32" type="stmt" count="0"/>
        <line num="34" type="stmt" count="0"/>
        <line num="37" type="stmt" count="0"/>
        <line num="39" type="stmt" count="0"/>
        <line num="40" type="stmt" count="0"/>
        <line num="41" type="stmt" count="0"/>
        <line num="42" type="stmt" count="0"/>
        <line num="44" type="stmt" count="0"/>
        <line num="46" type="stmt" count="0"/>
        <line num="48" type="stmt" count="0"/>
        <line num="50" type="stmt" count="0"/>
        <line num="51" type="stmt" count="0"/>
        <line num="52" type="stmt" count="0"/>
        <line num="53" type="stmt" count="0"/>
        <line num="54" type="stmt" count="0"/>
        <line num="55" type="stmt" count="0"/>
        <line num="56" type="stmt" count="0"/>
        <line num="57" type="stmt" count="0"/>
        <line num="60" type="stmt" count="0"/>
        <line num="61" type="stmt" count="0"/>
        <line num="64" type="stmt" count="0"/>
        <line num="65" type="stmt" count="0"/>
        <line num="66" type="stmt" count="0"/>
        <line num="67" type="stmt" count="0"/>
        <line num="68" type="stmt" count="0"/>
        <line num="69" type="stmt" count="0"/>
        <line num="70" type="stmt" count="0"/>
        <line num="71" type="stmt" count="0"/>
        <line num="72" type="stmt" count="0"/>
        <line num="73" type="stmt" count="0"/>
        <line num="74" type="stmt" count="0"/>
        <line num="75" type="stmt" count="0"/>
        <line num="76" type="stmt" count="0"/>
        <line num="77" type="stmt" count="0"/>
        <line num="80" type="stmt" count="0"/>
        <line num="81" type="stmt" count="0"/>
        <line num="82" type="stmt" count="0"/>
        <line num="83" type="stmt" count="0"/>
        <line num="84" type="stmt" count="0"/>
        <line num="85" type="stmt" count="0"/>
        <line num="86" type="stmt" count="0"/>
        <line num="87" type="stmt" count="0"/>
        <line num="88" type="stmt" count="0"/>
        <line num="89" type="stmt" count="0"/>
        <line num="91" type="stmt" count="0"/>
        <line num="93" type="stmt" count="0"/>
        <metrics loc="96" ncloc="90" classes="1" methods="1" coveredmethods="0" conditionals="0" coveredconditionals="0" statements="53" coveredstatements="0" elements="54" coveredelements="0"/>
      </file>
      <file name="E:\Users\Carlos F. Patiño\Workspace\Sistema-web-de-Gestion-de-Incidencias\backend\api\app\Console\Commands\CalculateVco.php">
        <class name="App\Console\Commands\CalculateVco" namespace="App\Console\Commands">
          <metrics complexity="29" methods="3" coveredmethods="0" conditionals="0" coveredconditionals="0" statements="200" coveredstatements="0" elements="203" coveredelements="0"/>
        </class>
        <line num="18" type="method" name="handle" visibility="public" complexity="14" crap="210" count="0"/>
        <line num="20" type="stmt" count="0"/>
        <line num="21" type="stmt" count="0"/>
        <line num="23" type="stmt" count="0"/>
        <line num="24" type="stmt" count="0"/>
        <line num="26" type="stmt" count="0"/>
        <line num="29" type="stmt" count="0"/>
        <line num="32" type="stmt" count="0"/>
        <line num="33" type="stmt" count="0"/>
        <line num="36" type="stmt" count="0"/>
        <line num="37" type="stmt" count="0"/>
        <line num="38" type="stmt" count="0"/>
        <line num="41" type="stmt" count="0"/>
        <line num="43" type="stmt" count="0"/>
        <line num="45" type="stmt" count="0"/>
        <line num="46" type="stmt" count="0"/>
        <line num="47" type="stmt" count="0"/>
        <line num="51" type="stmt" count="0"/>
        <line num="52" type="stmt" count="0"/>
        <line num="53" type="stmt" count="0"/>
        <line num="57" type="stmt" count="0"/>
        <line num="58" type="stmt" count="0"/>
        <line num="59" type="stmt" count="0"/>
        <line num="60" type="stmt" count="0"/>
        <line num="61" type="stmt" count="0"/>
        <line num="62" type="stmt" count="0"/>
        <line num="63" type="stmt" count="0"/>
        <line num="65" type="stmt" count="0"/>
        <line num="67" type="stmt" count="0"/>
        <line num="70" type="stmt" count="0"/>
        <line num="71" type="stmt" count="0"/>
        <line num="72" type="stmt" count="0"/>
        <line num="73" type="stmt" count="0"/>
        <line num="74" type="stmt" count="0"/>
        <line num="75" type="stmt" count="0"/>
        <line num="77" type="stmt" count="0"/>
        <line num="78" type="stmt" count="0"/>
        <line num="79" type="stmt" count="0"/>
        <line num="80" type="stmt" count="0"/>
        <line num="84" type="stmt" count="0"/>
        <line num="85" type="stmt" count="0"/>
        <line num="86" type="stmt" count="0"/>
        <line num="87" type="stmt" count="0"/>
        <line num="92" type="stmt" count="0"/>
        <line num="93" type="stmt" count="0"/>
        <line num="96" type="stmt" count="0"/>
        <line num="97" type="stmt" count="0"/>
        <line num="98" type="stmt" count="0"/>
        <line num="99" type="stmt" count="0"/>
        <line num="100" type="stmt" count="0"/>
        <line num="101" type="stmt" count="0"/>
        <line num="102" type="stmt" count="0"/>
        <line num="103" type="stmt" count="0"/>
        <line num="104" type="stmt" count="0"/>
        <line num="105" type="stmt" count="0"/>
        <line num="106" type="stmt" count="0"/>
        <line num="107" type="stmt" count="0"/>
        <line num="108" type="stmt" count="0"/>
        <line num="109" type="stmt" count="0"/>
        <line num="112" type="stmt" count="0"/>
        <line num="113" type="stmt" count="0"/>
        <line num="114" type="stmt" count="0"/>
        <line num="115" type="stmt" count="0"/>
        <line num="116" type="stmt" count="0"/>
        <line num="117" type="stmt" count="0"/>
        <line num="118" type="stmt" count="0"/>
        <line num="119" type="stmt" count="0"/>
        <line num="122" type="stmt" count="0"/>
        <line num="123" type="stmt" count="0"/>
        <line num="124" type="stmt" count="0"/>
        <line num="125" type="stmt" count="0"/>
        <line num="128" type="stmt" count="0"/>
        <line num="129" type="stmt" count="0"/>
        <line num="130" type="stmt" count="0"/>
        <line num="131" type="stmt" count="0"/>
        <line num="132" type="stmt" count="0"/>
        <line num="133" type="stmt" count="0"/>
        <line num="134" type="stmt" count="0"/>
        <line num="135" type="stmt" count="0"/>
        <line num="136" type="stmt" count="0"/>
        <line num="138" type="stmt" count="0"/>
        <line num="139" type="stmt" count="0"/>
        <line num="140" type="stmt" count="0"/>
        <line num="143" type="stmt" count="0"/>
        <line num="144" type="stmt" count="0"/>
        <line num="145" type="stmt" count="0"/>
        <line num="146" type="stmt" count="0"/>
        <line num="147" type="stmt" count="0"/>
        <line num="148" type="stmt" count="0"/>
        <line num="149" type="stmt" count="0"/>
        <line num="150" type="stmt" count="0"/>
        <line num="151" type="stmt" count="0"/>
        <line num="152" type="stmt" count="0"/>
        <line num="156" type="stmt" count="0"/>
        <line num="157" type="stmt" count="0"/>
        <line num="158" type="stmt" count="0"/>
        <line num="159" type="stmt" count="0"/>
        <line num="162" type="stmt" count="0"/>
        <line num="163" type="stmt" count="0"/>
        <line num="164" type="stmt" count="0"/>
        <line num="165" type="stmt" count="0"/>
        <line num="166" type="stmt" count="0"/>
        <line num="167" type="stmt" count="0"/>
        <line num="168" type="stmt" count="0"/>
        <line num="169" type="stmt" count="0"/>
        <line num="170" type="stmt" count="0"/>
        <line num="172" type="stmt" count="0"/>
        <line num="173" type="stmt" count="0"/>
        <line num="174" type="stmt" count="0"/>
        <line num="177" type="stmt" count="0"/>
        <line num="178" type="stmt" count="0"/>
        <line num="179" type="stmt" count="0"/>
        <line num="180" type="stmt" count="0"/>
        <line num="181" type="stmt" count="0"/>
        <line num="182" type="stmt" count="0"/>
        <line num="183" type="stmt" count="0"/>
        <line num="184" type="stmt" count="0"/>
        <line num="185" type="stmt" count="0"/>
        <line num="186" type="stmt" count="0"/>
        <line num="189" type="stmt" count="0"/>
        <line num="191" type="stmt" count="0"/>
        <line num="194" type="method" name="auditBackend" visibility="private" complexity="6" crap="42" count="0"/>
        <line num="197" type="stmt" count="0"/>
        <line num="198" type="stmt" count="0"/>
        <line num="200" type="stmt" count="0"/>
        <line num="204" type="stmt" count="0"/>
        <line num="205" type="stmt" count="0"/>
        <line num="206" type="stmt" count="0"/>
        <line num="207" type="stmt" count="0"/>
        <line num="209" type="stmt" count="0"/>
        <line num="210" type="stmt" count="0"/>
        <line num="211" type="stmt" count="0"/>
        <line num="212" type="stmt" count="0"/>
        <line num="213" type="stmt" count="0"/>
        <line num="214" type="stmt" count="0"/>
        <line num="215" type="stmt" count="0"/>
        <line num="216" type="stmt" count="0"/>
        <line num="217" type="stmt" count="0"/>
        <line num="223" type="stmt" count="0"/>
        <line num="226" type="method" name="auditFrontend" visibility="private" complexity="9" crap="90" count="0"/>
        <line num="228" type="stmt" count="0"/>
        <line num="230" type="stmt" count="0"/>
        <line num="231" type="stmt" count="0"/>
        <line num="233" type="stmt" count="0"/>
        <line num="236" type="stmt" count="0"/>
        <line num="238" type="stmt" count="0"/>
        <line num="239" type="stmt" count="0"/>
        <line num="240" type="stmt" count="0"/>
        <line num="241" type="stmt" count="0"/>
        <line num="242" type="stmt" count="0"/>
        <line num="243" type="stmt" count="0"/>
        <line num="244" type="stmt" count="0"/>
        <line num="245" type="stmt" count="0"/>
        <line num="246" type="stmt" count="0"/>
        <line num="247" type="stmt" count="0"/>
        <line num="248" type="stmt" count="0"/>
        <line num="249" type="stmt" count="0"/>
        <line num="250" type="stmt" count="0"/>
        <line num="251" type="stmt" count="0"/>
        <line num="252" type="stmt" count="0"/>
        <line num="253" type="stmt" count="0"/>
        <line num="254" type="stmt" count="0"/>
        <line num="255" type="stmt" count="0"/>
        <line num="256" type="stmt" count="0"/>
        <line num="257" type="stmt" count="0"/>
        <line num="258" type="stmt" count="0"/>
        <line num="259" type="stmt" count="0"/>
        <line num="260" type="stmt" count="0"/>
        <line num="261" type="stmt" count="0"/>
        <line num="262" type="stmt" count="0"/>
        <line num="263" type="stmt" count="0"/>
        <line num="264" type="stmt" count="0"/>
        <line num="265" type="stmt" count="0"/>
        <line num="266" type="stmt" count="0"/>
        <line num="267" type="stmt" count="0"/>
        <line num="268" type="stmt" count="0"/>
        <line num="269" type="stmt" count="0"/>
        <line num="270" type="stmt" count="0"/>
        <line num="271" type="stmt" count="0"/>
        <line num="272" type="stmt" count="0"/>
        <line num="273" type="stmt" count="0"/>
        <line num="274" type="stmt" count="0"/>
        <line num="275" type="stmt" count="0"/>
        <line num="277" type="stmt" count="0"/>
        <line num="279" type="stmt" count="0"/>
        <line num="280" type="stmt" count="0"/>
        <line num="281" type="stmt" count="0"/>
        <line num="285" type="stmt" count="0"/>
        <line num="286" type="stmt" count="0"/>
        <line num="289" type="stmt" count="0"/>
        <line num="290" type="stmt" count="0"/>
        <line num="292" type="stmt" count="0"/>
        <line num="293" type="stmt" count="0"/>
        <line num="294" type="stmt" count="0"/>
        <line num="295" type="stmt" count="0"/>
        <line num="296" type="stmt" count="0"/>
        <line num="297" type="stmt" count="0"/>
        <line num="298" type="stmt" count="0"/>
        <line num="299" type="stmt" count="0"/>
        <line num="300" type="stmt" count="0"/>
        <line num="301" type="stmt" count="0"/>
        <line num="302" type="stmt" count="0"/>
        <line num="308" type="stmt" count="0"/>
        <metrics loc="311" ncloc="287" classes="1" methods="3" coveredmethods="0" conditionals="0" coveredconditionals="0" statements="200" coveredstatements="0" elements="203" coveredelements="0"/>
      </file>
      <file name="E:\Users\Carlos F. Patiño\Workspace\Sistema-web-de-Gestion-de-Incidencias\backend\api\app\Console\Commands\DatabaseDump.php">
        <class name="App\Console\Commands\DatabaseDump" namespace="App\Console\Commands">
          <metrics complexity="9" methods="1" coveredmethods="0" conditionals="0" coveredconditionals="0" statements="53" coveredstatements="31" elements="54" coveredelements="31"/>
        </class>
        <line num="17" type="method" name="handle" visibility="public" complexity="9" crap="14.79" count="1"/>
        <line num="19" type="stmt" count="1"/>
        <line num="20" type="stmt" count="1"/>
        <line num="21" type="stmt" count="1"/>
        <line num="22" type="stmt" count="1"/>
        <line num="23" type="stmt" count="1"/>
        <line num="25" type="stmt" count="1"/>
        <line num="26" type="stmt" count="1"/>
        <line num="27" type="stmt" count="1"/>
        <line num="30" type="stmt" count="1"/>
        <line num="31" type="stmt" count="0"/>
        <line num="34" type="stmt" count="1"/>
        <line num="38" type="stmt" count="1"/>
        <line num="39" type="stmt" count="1"/>
        <line num="41" type="stmt" count="1"/>
        <line num="42" type="stmt" count="0"/>
        <line num="45" type="stmt" count="0"/>
        <line num="46" type="stmt" count="0"/>
        <line num="47" type="stmt" count="0"/>
        <line num="48" type="stmt" count="0"/>
        <line num="50" type="stmt" count="0"/>
        <line num="51" type="stmt" count="0"/>
        <line num="53" type="stmt" count="0"/>
        <line num="54" type="stmt" count="0"/>
        <line num="55" type="stmt" count="0"/>
        <line num="56" type="stmt" count="0"/>
        <line num="58" type="stmt" count="0"/>
        <line num="59" type="stmt" count="0"/>
        <line num="61" type="stmt" count="0"/>
        <line num="62" type="stmt" count="0"/>
        <line num="63" type="stmt" count="0"/>
        <line num="67" type="stmt" count="1"/>
        <line num="69" type="stmt" count="1"/>
        <line num="70" type="stmt" count="1"/>
        <line num="71" type="stmt" count="1"/>
        <line num="73" type="stmt" count="1"/>
        <line num="74" type="stmt" count="1"/>
        <line num="76" type="stmt" count="1"/>
        <line num="77" type="stmt" count="1"/>
        <line num="78" type="stmt" count="1"/>
        <line num="80" type="stmt" count="1"/>
        <line num="81" type="stmt" count="1"/>
        <line num="82" type="stmt" count="1"/>
        <line num="83" type="stmt" count="1"/>
        <line num="85" type="stmt" count="1"/>
        <line num="86" type="stmt" count="1"/>
        <line num="88" type="stmt" count="1"/>
        <line num="89" type="stmt" count="0"/>
        <line num="90" type="stmt" count="0"/>
        <line num="94" type="stmt" count="1"/>
        <line num="96" type="stmt" count="1"/>
        <line num="98" type="stmt" count="0"/>
        <line num="100" type="stmt" count="0"/>
        <line num="102" type="stmt" count="0"/>
        <metrics loc="106" ncloc="97" classes="1" methods="1" coveredmethods="0" conditionals="0" coveredconditionals="0" statements="53" coveredstatements="31" elements="54" coveredelements="31"/>
      </file>
      <file name="E:\Users\Carlos F. Patiño\Workspace\Sistema-web-de-Gestion-de-Incidencias\backend\api\app\Console\Commands\EtlRunCommand.php">
        <class name="App\Console\Commands\EtlRunCommand" namespace="App\Console\Commands">
          <metrics complexity="8" methods="1" coveredmethods="0" conditionals="0" coveredconditionals="0" statements="35" coveredstatements="14" elements="36" coveredelements="14"/>
        </class>
        <line num="20" type="method" name="handle" visibility="public" complexity="8" crap="21.82" count="11"/>
        <line num="22" type="stmt" count="11"/>
        <line num="24" type="stmt" count="11"/>
        <line num="25" type="stmt" count="0"/>
        <line num="27" type="stmt" count="0"/>
        <line num="28" type="stmt" count="0"/>
        <line num="29" type="stmt" count="0"/>
        <line num="30" type="stmt" count="0"/>
        <line num="31" type="stmt" count="0"/>
        <line num="32" type="stmt" count="0"/>
        <line num="33" type="stmt" count="0"/>
        <line num="34" type="stmt" count="0"/>
        <line num="35" type="stmt" count="0"/>
        <line num="36" type="stmt" count="0"/>
        <line num="37" type="stmt" count="0"/>
        <line num="38" type="stmt" count="0"/>
        <line num="39" type="stmt" count="0"/>
        <line num="40" type="stmt" count="0"/>
        <line num="41" type="stmt" count="0"/>
        <line num="42" type="stmt" count="0"/>
        <line num="43" type="stmt" count="0"/>
        <line num="45" type="stmt" count="0"/>
        <line num="47" type="stmt" count="0"/>
        <line num="50" type="stmt" count="0"/>
        <line num="53" type="stmt" count="11"/>
        <line num="55" type="stmt" count="11"/>
        <line num="56" type="stmt" count="11"/>
        <line num="57" type="stmt" count="11"/>
        <line num="59" type="stmt" count="11"/>
        <line num="60" type="stmt" count="11"/>
        <line num="61" type="stmt" count="11"/>
        <line num="68" type="stmt" count="11"/>
        <line num="69" type="stmt" count="11"/>
        <line num="70" type="stmt" count="11"/>
        <line num="72" type="stmt" count="11"/>
        <line num="74" type="stmt" count="11"/>
        <metrics loc="77" ncloc="70" classes="1" methods="1" coveredmethods="0" conditionals="0" coveredconditionals="0" statements="35" coveredstatements="14" elements="36" coveredelements="14"/>
      </file>
    </package>
    <package name="App\Enums">
      <file name="E:\Users\Carlos F. Patiño\Workspace\Sistema-web-de-Gestion-de-Incidencias\backend\api\app\Enums\PermissionsEnum.php">
        <class name="App\Enums\PermissionsEnum" namespace="App\Enums">
          <metrics complexity="0" methods="0" coveredmethods="0" conditionals="0" coveredconditionals="0" statements="0" coveredstatements="0" elements="0" coveredelements="0"/>
        </class>
        <metrics loc="103" ncloc="87" classes="0" methods="0" coveredmethods="0" conditionals="0" coveredconditionals="0" statements="0" coveredstatements="0" elements="0" coveredelements="0"/>
      </file>
      <file name="E:\Users\Carlos F. Patiño\Workspace\Sistema-web-de-Gestion-de-Incidencias\backend\api\app\Enums\TipoTerritorio.php">
        <class name="App\Enums\TipoTerritorio" namespace="App\Enums">
          <metrics complexity="0" methods="0" coveredmethods="0" conditionals="0" coveredconditionals="0" statements="0" coveredstatements="0" elements="0" coveredelements="0"/>
        </class>
        <metrics loc="16" ncloc="16" classes="0" methods="0" coveredmethods="0" conditionals="0" coveredconditionals="0" statements="0" coveredstatements="0" elements="0" coveredelements="0"/>
      </file>
    </package>
    <package name="App\Http\Controllers\Api">
      <file name="E:\Users\Carlos F. Patiño\Workspace\Sistema-web-de-Gestion-de-Incidencias\backend\api\app\Http\Controllers\Api\AuthController.php">
        <class name="App\Http\Controllers\Api\AuthController" namespace="App\Http\Controllers\Api">
          <metrics complexity="8" methods="4" coveredmethods="0" conditionals="0" coveredconditionals="0" statements="48" coveredstatements="0" elements="52" coveredelements="0"/>
        </class>
        <line num="15" type="method" name="login" visibility="public" complexity="3" crap="12" count="0"/>
        <line num="18" type="stmt" count="0"/>
        <line num="21" type="stmt" count="0"/>
        <line num="22" type="stmt" count="0"/>
        <line num="23" type="stmt" count="0"/>
        <line num="24" type="stmt" count="0"/>
        <line num="28" type="stmt" count="0"/>
        <line num="31" type="stmt" count="0"/>
        <line num="32" type="stmt" count="0"/>
        <line num="33" type="stmt" count="0"/>
        <line num="34" type="stmt" count="0"/>
        <line num="37" type="method" name="logout" visibility="public" complexity="1" crap="2" count="0"/>
        <line num="39" type="stmt" count="0"/>
        <line num="41" type="stmt" count="0"/>
        <line num="42" type="stmt" count="0"/>
        <line num="43" type="stmt" count="0"/>
        <line num="46" type="method" name="me" visibility="public" complexity="3" crap="12" count="0"/>
        <line num="49" type="stmt" count="0"/>
        <line num="50" type="stmt" count="0"/>
        <line num="52" type="stmt" count="0"/>
        <line num="53" type="stmt" count="0"/>
        <line num="54" type="stmt" count="0"/>
        <line num="56" type="stmt" count="0"/>
        <line num="59" type="stmt" count="0"/>
        <line num="61" type="stmt" count="0"/>
        <line num="62" type="stmt" count="0"/>
        <line num="64" type="stmt" count="0"/>
        <line num="65" type="stmt" count="0"/>
        <line num="66" type="stmt" count="0"/>
        <line num="67" type="stmt" count="0"/>
        <line num="68" type="stmt" count="0"/>
        <line num="69" type="stmt" count="0"/>
        <line num="70" type="stmt" count="0"/>
        <line num="71" type="stmt" count="0"/>
        <line num="72" type="stmt" count="0"/>
        <line num="73" type="stmt" count="0"/>
        <line num="74" type="stmt" count="0"/>
        <line num="75" type="stmt" count="0"/>
        <line num="76" type="stmt" count="0"/>
        <line num="77" type="stmt" count="0"/>
        <line num="78" type="stmt" count="0"/>
        <line num="79" type="stmt" count="0"/>
        <line num="80" type="stmt" count="0"/>
        <line num="81" type="stmt" count="0"/>
        <line num="87" type="method" name="refresh" visibility="public" complexity="1" crap="2" count="0"/>
        <line num="89" type="stmt" count="0"/>
        <line num="92" type="stmt" count="0"/>
        <line num="95" type="stmt" count="0"/>
        <line num="97" type="stmt" count="0"/>
        <line num="98" type="stmt" count="0"/>
        <line num="99" type="stmt" count="0"/>
        <line num="100" type="stmt" count="0"/>
        <metrics loc="103" ncloc="91" classes="1" methods="4" coveredmethods="0" conditionals="0" coveredconditionals="0" statements="48" coveredstatements="0" elements="52" coveredelements="0"/>
      </file>
      <file name="E:\Users\Carlos F. Patiño\Workspace\Sistema-web-de-Gestion-de-Incidencias\backend\api\app\Http\Controllers\Api\NotificationController.php">
        <class name="App\Http\Controllers\Api\NotificationController" namespace="App\Http\Controllers\Api">
          <metrics complexity="3" methods="3" coveredmethods="3" conditionals="0" coveredconditionals="0" statements="36" coveredstatements="36" elements="39" coveredelements="39"/>
        </class>
        <line num="16" type="method" name="index" visibility="public" complexity="1" crap="1" count="1"/>
        <line num="18" type="stmt" count="1"/>
        <line num="19" type="stmt" count="1"/>
        <line num="20" type="stmt" count="1"/>
        <line num="22" type="stmt" count="1"/>
        <line num="23" type="stmt" count="1"/>
        <line num="24" type="stmt" count="1"/>
        <line num="25" type="stmt" count="1"/>
        <line num="26" type="stmt" count="1"/>
        <line num="27" type="stmt" count="1"/>
        <line num="28" type="stmt" count="1"/>
        <line num="29" type="stmt" count="1"/>
        <line num="30" type="stmt" count="1"/>
        <line num="31" type="stmt" count="1"/>
        <line num="32" type="stmt" count="1"/>
        <line num="33" type="stmt" count="1"/>
        <line num="34" type="stmt" count="1"/>
        <line num="35" type="stmt" count="1"/>
        <line num="36" type="stmt" count="1"/>
        <line num="37" type="stmt" count="1"/>
        <line num="38" type="stmt" count="1"/>
        <line num="45" type="method" name="markAsRead" visibility="public" complexity="1" crap="1" count="1"/>
        <line num="47" type="stmt" count="1"/>
        <line num="48" type="stmt" count="1"/>
        <line num="49" type="stmt" count="1"/>
        <line num="50" type="stmt" count="1"/>
        <line num="52" type="stmt" count="1"/>
        <line num="54" type="stmt" count="1"/>
        <line num="55" type="stmt" count="1"/>
        <line num="56" type="stmt" count="1"/>
        <line num="57" type="stmt" count="1"/>
        <line num="58" type="stmt" count="1"/>
        <line num="65" type="method" name="markAllAsRead" visibility="public" complexity="1" crap="1" count="1"/>
        <line num="67" type="stmt" count="1"/>
        <line num="69" type="stmt" count="1"/>
        <line num="70" type="stmt" count="1"/>
        <line num="71" type="stmt" count="1"/>
        <line num="72" type="stmt" count="1"/>
        <line num="73" type="stmt" count="1"/>
        <metrics loc="76" ncloc="63" classes="1" methods="3" coveredmethods="3" conditionals="0" coveredconditionals="0" statements="36" coveredstatements="36" elements="39" coveredelements="39"/>
      </file>
      <file name="E:\Users\Carlos F. Patiño\Workspace\Sistema-web-de-Gestion-de-Incidencias\backend\api\app\Http\Controllers\Api\TrpController.php">
        <class name="App\Http\Controllers\Api\TrpController" namespace="App\Http\Controllers\Api">
          <metrics complexity="5" methods="2" coveredmethods="2" conditionals="0" coveredconditionals="0" statements="47" coveredstatements="47" elements="49" coveredelements="49"/>
        </class>
        <line num="14" type="method" name="performanceStats" visibility="public" complexity="1" crap="1" count="1"/>
        <line num="17" type="stmt" count="1"/>
        <line num="18" type="stmt" count="1"/>
        <line num="19" type="stmt" count="1"/>
        <line num="20" type="stmt" count="1"/>
        <line num="21" type="stmt" count="1"/>
        <line num="22" type="stmt" count="1"/>
        <line num="23" type="stmt" count="1"/>
        <line num="24" type="stmt" count="1"/>
        <line num="27" type="stmt" count="1"/>
        <line num="28" type="stmt" count="1"/>
        <line num="29" type="stmt" count="1"/>
        <line num="30" type="stmt" count="1"/>
        <line num="31" type="stmt" count="1"/>
        <line num="32" type="stmt" count="1"/>
        <line num="33" type="stmt" count="1"/>
        <line num="34" type="stmt" count="1"/>
        <line num="35" type="stmt" count="1"/>
        <line num="36" type="stmt" count="1"/>
        <line num="37" type="stmt" count="1"/>
        <line num="39" type="stmt" count="1"/>
        <line num="40" type="stmt" count="1"/>
        <line num="41" type="stmt" count="1"/>
        <line num="42" type="stmt" count="1"/>
        <line num="45" type="method" name="exportLogs" visibility="public" complexity="4" crap="4" count="1"/>
        <line num="47" type="stmt" count="1"/>
        <line num="48" type="stmt" count="1"/>
        <line num="50" type="stmt" count="1"/>
        <line num="51" type="stmt" count="1"/>
        <line num="52" type="stmt" count="1"/>
        <line num="53" type="stmt" count="1"/>
        <line num="54" type="stmt" count="1"/>
        <line num="56" type="stmt" count="1"/>
        <line num="57" type="stmt" count="1"/>
        <line num="59" type="stmt" count="1"/>
        <line num="62" type="stmt" count="1"/>
        <line num="65" type="stmt" count="1"/>
        <line num="66" type="stmt" count="1"/>
        <line num="67" type="stmt" count="1"/>
        <line num="68" type="stmt" count="1"/>
        <line num="69" type="stmt" count="1"/>
        <line num="70" type="stmt" count="1"/>
        <line num="71" type="stmt" count="1"/>
        <line num="72" type="stmt" count="1"/>
        <line num="73" type="stmt" count="1"/>
        <line num="75" type="stmt" count="1"/>
        <line num="77" type="stmt" count="1"/>
        <line num="78" type="stmt" count="1"/>
        <line num="80" type="stmt" count="1"/>
        <metrics loc="83" ncloc="79" classes="1" methods="2" coveredmethods="2" conditionals="0" coveredconditionals="0" statements="47" coveredstatements="47" elements="49" coveredelements="49"/>
      </file>
    </package>
    <package name="App\Http\Controllers">
      <file name="E:\Users\Carlos F. Patiño\Workspace\Sistema-web-de-Gestion-de-Incidencias\backend\api\app\Http\Controllers\CatalogoController.php">
        <class name="App\Http\Controllers\CatalogoController" namespace="App\Http\Controllers">
          <metrics complexity="17" methods="5" coveredmethods="4" conditionals="0" coveredconditionals="0" statements="47" coveredstatements="43" elements="52" coveredelements="47"/>
        </class>
        <line num="19" type="method" name="paises" visibility="public" complexity="1" crap="1" count="3"/>
        <line num="21" type="stmt" count="3"/>
        <line num="22" type="stmt" count="3"/>
        <line num="23" type="stmt" count="3"/>
        <line num="25" type="stmt" count="3"/>
        <line num="31" type="method" name="territorios" visibility="public" complexity="6" crap="6" count="1"/>
        <line num="33" type="stmt" count="1"/>
        <line num="34" type="stmt" count="1"/>
        <line num="35" type="stmt" count="1"/>
        <line num="37" type="stmt" count="1"/>
        <line num="38" type="stmt" count="1"/>
        <line num="40" type="stmt" count="1"/>
        <line num="41" type="stmt" count="1"/>
        <line num="44" type="stmt" count="1"/>
        <line num="45" type="stmt" count="1"/>
        <line num="46" type="stmt" count="1"/>
        <line num="47" type="stmt" count="1"/>
        <line num="49" type="stmt" count="1"/>
        <line num="53" type="stmt" count="1"/>
        <line num="54" type="stmt" count="1"/>
        <line num="56" type="stmt" count="1"/>
        <line num="62" type="method" name="direcciones" visibility="public" complexity="2" crap="2" count="1"/>
        <line num="64" type="stmt" count="1"/>
        <line num="65" type="stmt" count="1"/>
        <line num="67" type="stmt" count="1"/>
        <line num="68" type="stmt" count="1"/>
        <line num="70" type="stmt" count="1"/>
        <line num="71" type="stmt" count="1"/>
        <line num="74" type="stmt" count="1"/>
        <line num="75" type="stmt" count="1"/>
        <line num="77" type="stmt" count="1"/>
        <line num="84" type="method" name="categoriasIncidencia" visibility="public" complexity="7" crap="7" count="2"/>
        <line num="86" type="stmt" count="2"/>
        <line num="87" type="stmt" count="2"/>
        <line num="88" type="stmt" count="2"/>
        <line num="90" type="stmt" count="2"/>
        <line num="91" type="stmt" count="2"/>
        <line num="93" type="stmt" count="2"/>
        <line num="94" type="stmt" count="1"/>
        <line num="95" type="stmt" count="1"/>
        <line num="96" type="stmt" count="1"/>
        <line num="98" type="stmt" count="1"/>
        <line num="102" type="stmt" count="2"/>
        <line num="103" type="stmt" count="1"/>
        <line num="106" type="stmt" count="2"/>
        <line num="107" type="stmt" count="2"/>
        <line num="109" type="stmt" count="2"/>
        <line num="115" type="method" name="instituciones" visibility="public" complexity="1" crap="2" count="0"/>
        <line num="117" type="stmt" count="0"/>
        <line num="118" type="stmt" count="0"/>
        <line num="119" type="stmt" count="0"/>
        <line num="121" type="stmt" count="0"/>
        <metrics loc="124" ncloc="108" classes="1" methods="5" coveredmethods="4" conditionals="0" coveredconditionals="0" statements="47" coveredstatements="43" elements="52" coveredelements="47"/>
      </file>
      <file name="E:\Users\Carlos F. Patiño\Workspace\Sistema-web-de-Gestion-de-Incidencias\backend\api\app\Http\Controllers\CategoriaIncidenciaController.php">
        <class name="App\Http\Controllers\CategoriaIncidenciaController" namespace="App\Http\Controllers">
          <metrics complexity="19" methods="6" coveredmethods="4" conditionals="0" coveredconditionals="0" statements="64" coveredstatements="57" elements="70" coveredelements="61"/>
        </class>
        <line num="14" type="method" name="index" visibility="public" complexity="7" crap="10.14" count="2"/>
        <line num="16" type="stmt" count="2"/>
        <line num="18" type="stmt" count="2"/>
        <line num="19" type="stmt" count="0"/>
        <line num="20" type="stmt" count="0"/>
        <line num="21" type="stmt" count="0"/>
        <line num="23" type="stmt" count="0"/>
        <line num="27" type="stmt" count="2"/>
        <line num="28" type="stmt" count="1"/>
        <line num="31" type="stmt" count="1"/>
        <line num="33" type="stmt" count="1"/>
        <line num="39" type="method" name="store" visibility="public" complexity="1" crap="1" count="2"/>
        <line num="41" type="stmt" count="2"/>
        <line num="42" type="stmt" count="2"/>
        <line num="43" type="stmt" count="2"/>
        <line num="44" type="stmt" count="2"/>
        <line num="45" type="stmt" count="2"/>
        <line num="46" type="stmt" count="2"/>
        <line num="48" type="stmt" count="1"/>
        <line num="49" type="stmt" count="1"/>
        <line num="50" type="stmt" count="1"/>
        <line num="51" type="stmt" count="1"/>
        <line num="52" type="stmt" count="1"/>
        <line num="53" type="stmt" count="1"/>
        <line num="55" type="stmt" count="1"/>
        <line num="56" type="stmt" count="1"/>
        <line num="57" type="stmt" count="1"/>
        <line num="58" type="stmt" count="1"/>
        <line num="64" type="method" name="show" visibility="public" complexity="1" crap="1" count="2"/>
        <line num="66" type="stmt" count="2"/>
        <line num="68" type="stmt" count="1"/>
        <line num="74" type="method" name="update" visibility="public" complexity="3" crap="3" count="2"/>
        <line num="76" type="stmt" count="2"/>
        <line num="78" type="stmt" count="2"/>
        <line num="79" type="stmt" count="2"/>
        <line num="80" type="stmt" count="2"/>
        <line num="81" type="stmt" count="2"/>
        <line num="82" type="stmt" count="2"/>
        <line num="83" type="stmt" count="2"/>
        <line num="86" type="stmt" count="2"/>
        <line num="87" type="stmt" count="1"/>
        <line num="88" type="stmt" count="1"/>
        <line num="89" type="stmt" count="1"/>
        <line num="90" type="stmt" count="1"/>
        <line num="91" type="stmt" count="1"/>
        <line num="95" type="stmt" count="1"/>
        <line num="97" type="stmt" count="1"/>
        <line num="98" type="stmt" count="1"/>
        <line num="99" type="stmt" count="1"/>
        <line num="100" type="stmt" count="1"/>
        <line num="106" type="method" name="destroy" visibility="public" complexity="2" crap="2" count="2"/>
        <line num="108" type="stmt" count="2"/>
        <line num="110" type="stmt" count="2"/>
        <line num="111" type="stmt" count="1"/>
        <line num="112" type="stmt" count="1"/>
        <line num="113" type="stmt" count="1"/>
        <line num="116" type="stmt" count="1"/>
        <line num="118" type="stmt" count="1"/>
        <line num="119" type="stmt" count="1"/>
        <line num="120" type="stmt" count="1"/>
        <line num="126" type="method" name="isDescendant" visibility="private" complexity="5" crap="5.93" count="1"/>
        <line num="128" type="stmt" count="1"/>
        <line num="129" type="stmt" count="1"/>
        <line num="132" type="stmt" count="1"/>
        <line num="133" type="stmt" count="1"/>
        <line num="134" type="stmt" count="1"/>
        <line num="135" type="stmt" count="1"/>
        <line num="137" type="stmt" count="0"/>
        <line num="138" type="stmt" count="0"/>
        <line num="142" type="stmt" count="0"/>
        <metrics loc="145" ncloc="126" classes="1" methods="6" coveredmethods="4" conditionals="0" coveredconditionals="0" statements="64" coveredstatements="57" elements="70" coveredelements="61"/>
      </file>
      <file name="E:\Users\Carlos F. Patiño\Workspace\Sistema-web-de-Gestion-de-Incidencias\backend\api\app\Http\Controllers\Controller.php">
        <class name="App\Http\Controllers\Controller" namespace="App\Http\Controllers">
          <metrics complexity="0" methods="0" coveredmethods="0" conditionals="0" coveredconditionals="0" statements="0" coveredstatements="0" elements="0" coveredelements="0"/>
        </class>
        <metrics loc="9" ncloc="8" classes="0" methods="0" coveredmethods="0" conditionals="0" coveredconditionals="0" statements="0" coveredstatements="0" elements="0" coveredelements="0"/>
      </file>
      <file name="E:\Users\Carlos F. Patiño\Workspace\Sistema-web-de-Gestion-de-Incidencias\backend\api\app\Http\Controllers\DashboardController.php">
        <class name="App\Http\Controllers\DashboardController" namespace="App\Http\Controllers">
          <metrics complexity="14" methods="6" coveredmethods="6" conditionals="0" coveredconditionals="0" statements="85" coveredstatements="85" elements="91" coveredelements="91"/>
        </class>
        <line num="13" type="method" name="stats" visibility="public" complexity="1" crap="1" count="2"/>
        <line num="15" type="stmt" count="2"/>
        <line num="16" type="stmt" count="2"/>
        <line num="17" type="stmt" count="2"/>
        <line num="18" type="stmt" count="2"/>
        <line num="20" type="stmt" count="2"/>
        <line num="21" type="stmt" count="2"/>
        <line num="22" type="stmt" count="2"/>
        <line num="23" type="stmt" count="2"/>
        <line num="24" type="stmt" count="2"/>
        <line num="25" type="stmt" count="2"/>
        <line num="28" type="method" name="calculateKpis" visibility="private" complexity="1" crap="1" count="2"/>
        <line num="30" type="stmt" count="2"/>
        <line num="32" type="stmt" count="2"/>
        <line num="34" type="stmt" count="2"/>
        <line num="35" type="stmt" count="2"/>
        <line num="36" type="stmt" count="2"/>
        <line num="38" type="stmt" count="2"/>
        <line num="40" type="stmt" count="2"/>
        <line num="41" type="stmt" count="2"/>
        <line num="43" type="stmt" count="2"/>
        <line num="44" type="stmt" count="2"/>
        <line num="45" type="stmt" count="2"/>
        <line num="47" type="stmt" count="2"/>
        <line num="48" type="stmt" count="2"/>
        <line num="49" type="stmt" count="2"/>
        <line num="50" type="stmt" count="2"/>
        <line num="51" type="stmt" count="2"/>
        <line num="52" type="stmt" count="2"/>
        <line num="53" type="stmt" count="2"/>
        <line num="56" type="method" name="getTopServices" visibility="private" complexity="3" crap="3" count="2"/>
        <line num="58" type="stmt" count="2"/>
        <line num="60" type="stmt" count="2"/>
        <line num="62" type="stmt" count="2"/>
        <line num="63" type="stmt" count="1"/>
        <line num="66" type="stmt" count="2"/>
        <line num="67" type="stmt" count="2"/>
        <line num="68" type="stmt" count="2"/>
        <line num="69" type="stmt" count="2"/>
        <line num="70" type="stmt" count="2"/>
        <line num="71" type="stmt" count="2"/>
        <line num="72" type="stmt" count="2"/>
        <line num="73" type="stmt" count="2"/>
        <line num="75" type="stmt" count="2"/>
        <line num="77" type="stmt" count="2"/>
        <line num="78" type="stmt" count="1"/>
        <line num="80" type="stmt" count="1"/>
        <line num="81" type="stmt" count="1"/>
        <line num="82" type="stmt" count="1"/>
        <line num="83" type="stmt" count="1"/>
        <line num="84" type="stmt" count="1"/>
        <line num="85" type="stmt" count="2"/>
        <line num="88" type="method" name="getRecentIncidents" visibility="private" complexity="4" crap="4" count="2"/>
        <line num="90" type="stmt" count="2"/>
        <line num="91" type="stmt" count="2"/>
        <line num="92" type="stmt" count="2"/>
        <line num="93" type="stmt" count="2"/>
        <line num="94" type="stmt" count="2"/>
        <line num="95" type="stmt" count="2"/>
        <line num="96" type="stmt" count="2"/>
        <line num="97" type="stmt" count="2"/>
        <line num="98" type="stmt" count="2"/>
        <line num="99" type="stmt" count="2"/>
        <line num="100" type="stmt" count="2"/>
        <line num="101" type="stmt" count="2"/>
        <line num="102" type="stmt" count="2"/>
        <line num="103" type="stmt" count="2"/>
        <line num="104" type="stmt" count="2"/>
        <line num="107" type="method" name="getMapMarkers" visibility="private" complexity="4" crap="4" count="2"/>
        <line num="109" type="stmt" count="2"/>
        <line num="110" type="stmt" count="2"/>
        <line num="111" type="stmt" count="2"/>
        <line num="112" type="stmt" count="2"/>
        <line num="113" type="stmt" count="2"/>
        <line num="114" type="stmt" count="2"/>
        <line num="115" type="stmt" count="1"/>
        <line num="116" type="stmt" count="2"/>
        <line num="117" type="stmt" count="2"/>
        <line num="118" type="stmt" count="1"/>
        <line num="119" type="stmt" count="1"/>
        <line num="120" type="stmt" count="1"/>
        <line num="121" type="stmt" count="1"/>
        <line num="122" type="stmt" count="1"/>
        <line num="123" type="stmt" count="1"/>
        <line num="124" type="stmt" count="1"/>
        <line num="125" type="stmt" count="2"/>
        <line num="128" type="method" name="metrics" visibility="public" complexity="1" crap="1" count="6"/>
        <line num="130" type="stmt" count="6"/>
        <line num="131" type="stmt" count="6"/>
        <line num="133" type="stmt" count="6"/>
        <line num="135" type="stmt" count="6"/>
        <metrics loc="138" ncloc="138" classes="1" methods="6" coveredmethods="6" conditionals="0" coveredconditionals="0" statements="85" coveredstatements="85" elements="91" coveredelements="91"/>
      </file>
      <file name="E:\Users\Carlos F. Patiño\Workspace\Sistema-web-de-Gestion-de-Incidencias\backend\api\app\Http\Controllers\DireccionController.php">
        <class name="App\Http\Controllers\DireccionController" namespace="App\Http\Controllers">
          <metrics complexity="48" methods="6" coveredmethods="0" conditionals="0" coveredconditionals="0" statements="181" coveredstatements="54" elements="187" coveredelements="54"/>
        </class>
        <line num="18" type="method" name="index" visibility="public" complexity="7" crap="10.54" count="1"/>
        <line num="20" type="stmt" count="1"/>
        <line num="22" type="stmt" count="1"/>
        <line num="23" type="stmt" count="1"/>
        <line num="24" type="stmt" count="0"/>
        <line num="25" type="stmt" count="0"/>
        <line num="26" type="stmt" count="0"/>
        <line num="27" type="stmt" count="1"/>
        <line num="28" type="stmt" count="0"/>
        <line num="31" type="stmt" count="1"/>
        <line num="32" type="stmt" count="0"/>
        <line num="35" type="stmt" count="1"/>
        <line num="37" type="stmt" count="1"/>
        <line num="43" type="method" name="store" visibility="public" complexity="5" crap="5.08" count="1"/>
        <line num="45" type="stmt" count="1"/>
        <line num="46" type="stmt" count="1"/>
        <line num="47" type="stmt" count="0"/>
        <line num="48" type="stmt" count="0"/>
        <line num="49" type="stmt" count="0"/>
        <line num="53" type="stmt" count="1"/>
        <line num="54" type="stmt" count="1"/>
        <line num="55" type="stmt" count="1"/>
        <line num="56" type="stmt" count="1"/>
        <line num="57" type="stmt" count="1"/>
        <line num="58" type="stmt" count="1"/>
        <line num="59" type="stmt" count="1"/>
        <line num="60" type="stmt" count="1"/>
        <line num="61" type="stmt" count="1"/>
        <line num="63" type="stmt" count="1"/>
        <line num="64" type="stmt" count="1"/>
        <line num="66" type="stmt" count="1"/>
        <line num="67" type="stmt" count="1"/>
        <line num="68" type="stmt" count="1"/>
        <line num="69" type="stmt" count="1"/>
        <line num="75" type="method" name="show" visibility="public" complexity="5" crap="30" count="0"/>
        <line num="77" type="stmt" count="0"/>
        <line num="80" type="stmt" count="0"/>
        <line num="81" type="stmt" count="0"/>
        <line num="82" type="stmt" count="0"/>
        <line num="85" type="stmt" count="0"/>
        <line num="91" type="method" name="update" visibility="public" complexity="7" crap="7.60" count="1"/>
        <line num="93" type="stmt" count="1"/>
        <line num="96" type="stmt" count="1"/>
        <line num="97" type="stmt" count="1"/>
        <line num="98" type="stmt" count="0"/>
        <line num="99" type="stmt" count="0"/>
        <line num="101" type="stmt" count="0"/>
        <line num="102" type="stmt" count="0"/>
        <line num="103" type="stmt" count="0"/>
        <line num="104" type="stmt" count="0"/>
        <line num="110" type="stmt" count="1"/>
        <line num="112" type="stmt" count="1"/>
        <line num="113" type="stmt" count="1"/>
        <line num="114" type="stmt" count="1"/>
        <line num="115" type="stmt" count="1"/>
        <line num="116" type="stmt" count="1"/>
        <line num="117" type="stmt" count="1"/>
        <line num="118" type="stmt" count="1"/>
        <line num="119" type="stmt" count="1"/>
        <line num="120" type="stmt" count="1"/>
        <line num="122" type="stmt" count="1"/>
        <line num="123" type="stmt" count="1"/>
        <line num="124" type="stmt" count="1"/>
        <line num="126" type="stmt" count="1"/>
        <line num="127" type="stmt" count="1"/>
        <line num="128" type="stmt" count="1"/>
        <line num="129" type="stmt" count="1"/>
        <line num="135" type="method" name="destroy" visibility="public" complexity="5" crap="5.02" count="1"/>
        <line num="137" type="stmt" count="1"/>
        <line num="140" type="stmt" count="1"/>
        <line num="141" type="stmt" count="1"/>
        <line num="142" type="stmt" count="0"/>
        <line num="145" type="stmt" count="1"/>
        <line num="146" type="stmt" count="1"/>
        <line num="148" type="stmt" count="1"/>
        <line num="149" type="stmt" count="1"/>
        <line num="151" type="stmt" count="1"/>
        <line num="152" type="stmt" count="1"/>
        <line num="153" type="stmt" count="1"/>
        <line num="159" type="method" name="reverseGeocode" visibility="public" complexity="19" crap="380" count="0"/>
        <line num="161" type="stmt" count="0"/>
        <line num="162" type="stmt" count="0"/>
        <line num="163" type="stmt" count="0"/>
        <line num="164" type="stmt" count="0"/>
        <line num="166" type="stmt" count="0"/>
        <line num="167" type="stmt" count="0"/>
        <line num="168" type="stmt" count="0"/>
        <line num="172" type="stmt" count="0"/>
        <line num="173" type="stmt" count="0"/>
        <line num="174" type="stmt" count="0"/>
        <line num="175" type="stmt" count="0"/>
        <line num="176" type="stmt" count="0"/>
        <line num="177" type="stmt" count="0"/>
        <line num="178" type="stmt" count="0"/>
        <line num="179" type="stmt" count="0"/>
        <line num="180" type="stmt" count="0"/>
        <line num="181" type="stmt" count="0"/>
        <line num="182" type="stmt" count="0"/>
        <line num="183" type="stmt" count="0"/>
        <line num="185" type="stmt" count="0"/>
        <line num="186" type="stmt" count="0"/>
        <line num="188" type="stmt" count="0"/>
        <line num="193" type="stmt" count="0"/>
        <line num="195" type="stmt" count="0"/>
        <line num="196" type="stmt" count="0"/>
        <line num="197" type="stmt" count="0"/>
        <line num="198" type="stmt" count="0"/>
        <line num="199" type="stmt" count="0"/>
        <line num="200" type="stmt" count="0"/>
        <line num="201" type="stmt" count="0"/>
        <line num="203" type="stmt" count="0"/>
        <line num="204" type="stmt" count="0"/>
        <line num="206" type="stmt" count="0"/>
        <line num="207" type="stmt" count="0"/>
        <line num="208" type="stmt" count="0"/>
        <line num="209" type="stmt" count="0"/>
        <line num="210" type="stmt" count="0"/>
        <line num="211" type="stmt" count="0"/>
        <line num="212" type="stmt" count="0"/>
        <line num="213" type="stmt" count="0"/>
        <line num="214" type="stmt" count="0"/>
        <line num="215" type="stmt" count="0"/>
        <line num="216" type="stmt" count="0"/>
        <line num="217" type="stmt" count="0"/>
        <line num="218" type="stmt" count="0"/>
        <line num="219" type="stmt" count="0"/>
        <line num="220" type="stmt" count="0"/>
        <line num="221" type="stmt" count="0"/>
        <line num="222" type="stmt" count="0"/>
        <line num="223" type="stmt" count="0"/>
        <line num="224" type="stmt" count="0"/>
        <line num="225" type="stmt" count="0"/>
        <line num="227" type="stmt" count="0"/>
        <line num="228" type="stmt" count="0"/>
        <line num="229" type="stmt" count="0"/>
        <line num="230" type="stmt" count="0"/>
        <line num="234" type="stmt" count="0"/>
        <line num="236" type="stmt" count="0"/>
        <line num="237" type="stmt" count="0"/>
        <line num="239" type="stmt" count="0"/>
        <line num="241" type="stmt" count="0"/>
        <line num="242" type="stmt" count="0"/>
        <line num="243" type="stmt" count="0"/>
        <line num="244" type="stmt" count="0"/>
        <line num="245" type="stmt" count="0"/>
        <line num="247" type="stmt" count="0"/>
        <line num="248" type="stmt" count="0"/>
        <line num="249" type="stmt" count="0"/>
        <line num="251" type="stmt" count="0"/>
        <line num="252" type="stmt" count="0"/>
        <line num="253" type="stmt" count="0"/>
        <line num="254" type="stmt" count="0"/>
        <line num="255" type="stmt" count="0"/>
        <line num="256" type="stmt" count="0"/>
        <line num="259" type="stmt" count="0"/>
        <line num="260" type="stmt" count="0"/>
        <line num="261" type="stmt" count="0"/>
        <line num="263" type="stmt" count="0"/>
        <line num="264" type="stmt" count="0"/>
        <line num="265" type="stmt" count="0"/>
        <line num="266" type="stmt" count="0"/>
        <line num="268" type="stmt" count="0"/>
        <line num="269" type="stmt" count="0"/>
        <line num="270" type="stmt" count="0"/>
        <line num="271" type="stmt" count="0"/>
        <line num="272" type="stmt" count="0"/>
        <line num="273" type="stmt" count="0"/>
        <line num="276" type="stmt" count="0"/>
        <line num="277" type="stmt" count="0"/>
        <line num="278" type="stmt" count="0"/>
        <line num="280" type="stmt" count="0"/>
        <line num="281" type="stmt" count="0"/>
        <line num="282" type="stmt" count="0"/>
        <line num="283" type="stmt" count="0"/>
        <line num="284" type="stmt" count="0"/>
        <line num="286" type="stmt" count="0"/>
        <line num="287" type="stmt" count="0"/>
        <line num="288" type="stmt" count="0"/>
        <line num="289" type="stmt" count="0"/>
        <line num="290" type="stmt" count="0"/>
        <line num="291" type="stmt" count="0"/>
        <line num="292" type="stmt" count="0"/>
        <line num="293" type="stmt" count="0"/>
        <line num="299" type="stmt" count="0"/>
        <line num="302" type="stmt" count="0"/>
        <line num="303" type="stmt" count="0"/>
        <line num="304" type="stmt" count="0"/>
        <metrics loc="307" ncloc="278" classes="1" methods="6" coveredmethods="0" conditionals="0" coveredconditionals="0" statements="181" coveredstatements="54" elements="187" coveredelements="54"/>
      </file>
      <file name="E:\Users\Carlos F. Patiño\Workspace\Sistema-web-de-Gestion-de-Incidencias\backend\api\app\Http\Controllers\IncidenciaController.php">
        <class name="App\Http\Controllers\IncidenciaController" namespace="App\Http\Controllers">
          <metrics complexity="51" methods="9" coveredmethods="2" conditionals="0" coveredconditionals="0" statements="177" coveredstatements="133" elements="186" coveredelements="135"/>
        </class>
        <line num="21" type="method" name="index" visibility="public" complexity="15" crap="17.47" count="7"/>
        <line num="23" type="stmt" count="7"/>
        <line num="26" type="stmt" count="7"/>
        <line num="27" type="stmt" count="1"/>
        <line num="28" type="stmt" count="1"/>
        <line num="29" type="stmt" count="1"/>
        <line num="30" type="stmt" count="1"/>
        <line num="31" type="stmt" count="1"/>
        <line num="32" type="stmt" count="1"/>
        <line num="33" type="stmt" count="1"/>
        <line num="34" type="stmt" count="0"/>
        <line num="35" type="stmt" count="0"/>
        <line num="36" type="stmt" count="0"/>
        <line num="37" type="stmt" count="0"/>
        <line num="40" type="stmt" count="1"/>
        <line num="41" type="stmt" count="1"/>
        <line num="42" type="stmt" count="1"/>
        <line num="44" type="stmt" count="1"/>
        <line num="48" type="stmt" count="7"/>
        <line num="49" type="stmt" count="7"/>
        <line num="50" type="stmt" count="7"/>
        <line num="51" type="stmt" count="7"/>
        <line num="52" type="stmt" count="7"/>
        <line num="53" type="stmt" count="7"/>
        <line num="54" type="stmt" count="7"/>
        <line num="55" type="stmt" count="7"/>
        <line num="56" type="stmt" count="7"/>
        <line num="57" type="stmt" count="7"/>
        <line num="58" type="stmt" count="7"/>
        <line num="59" type="stmt" count="7"/>
        <line num="61" type="stmt" count="7"/>
        <line num="62" type="stmt" count="2"/>
        <line num="63" type="stmt" count="1"/>
        <line num="64" type="stmt" count="1"/>
        <line num="65" type="stmt" count="1"/>
        <line num="66" type="stmt" count="1"/>
        <line num="67" type="stmt" count="1"/>
        <line num="68" type="stmt" count="1"/>
        <line num="70" type="stmt" count="0"/>
        <line num="72" type="stmt" count="1"/>
        <line num="73" type="stmt" count="1"/>
        <line num="75" type="stmt" count="0"/>
        <line num="76" type="stmt" count="0"/>
        <line num="77" type="stmt" count="0"/>
        <line num="78" type="stmt" count="0"/>
        <line num="79" type="stmt" count="0"/>
        <line num="80" type="stmt" count="0"/>
        <line num="84" type="stmt" count="7"/>
        <line num="85" type="stmt" count="1"/>
        <line num="88" type="stmt" count="7"/>
        <line num="89" type="stmt" count="1"/>
        <line num="92" type="stmt" count="7"/>
        <line num="93" type="stmt" count="0"/>
        <line num="96" type="stmt" count="7"/>
        <line num="98" type="stmt" count="7"/>
        <line num="104" type="method" name="store" visibility="public" complexity="3" crap="3" count="7"/>
        <line num="106" type="stmt" count="7"/>
        <line num="108" type="stmt" count="7"/>
        <line num="109" type="stmt" count="7"/>
        <line num="110" type="stmt" count="7"/>
        <line num="111" type="stmt" count="7"/>
        <line num="115" type="stmt" count="7"/>
        <line num="116" type="stmt" count="7"/>
        <line num="117" type="stmt" count="7"/>
        <line num="118" type="stmt" count="7"/>
        <line num="124" type="method" name="show" visibility="public" complexity="3" crap="3" count="3"/>
        <line num="126" type="stmt" count="3"/>
        <line num="127" type="stmt" count="3"/>
        <line num="128" type="stmt" count="3"/>
        <line num="129" type="stmt" count="3"/>
        <line num="130" type="stmt" count="3"/>
        <line num="131" type="stmt" count="3"/>
        <line num="132" type="stmt" count="3"/>
        <line num="133" type="stmt" count="3"/>
        <line num="134" type="stmt" count="3"/>
        <line num="135" type="stmt" count="3"/>
        <line num="136" type="stmt" count="3"/>
        <line num="137" type="stmt" count="3"/>
        <line num="138" type="stmt" count="3"/>
        <line num="140" type="stmt" count="3"/>
        <line num="141" type="stmt" count="3"/>
        <line num="142" type="stmt" count="2"/>
        <line num="145" type="stmt" count="3"/>
        <line num="151" type="method" name="update" visibility="public" complexity="4" crap="4.00" count="2"/>
        <line num="153" type="stmt" count="2"/>
        <line num="154" type="stmt" count="2"/>
        <line num="156" type="stmt" count="2"/>
        <line num="157" type="stmt" count="0"/>
        <line num="161" type="stmt" count="2"/>
        <line num="162" type="stmt" count="1"/>
        <line num="163" type="stmt" count="1"/>
        <line num="164" type="stmt" count="1"/>
        <line num="167" type="stmt" count="2"/>
        <line num="168" type="stmt" count="2"/>
        <line num="171" type="stmt" count="2"/>
        <line num="173" type="stmt" count="2"/>
        <line num="174" type="stmt" count="2"/>
        <line num="176" type="stmt" count="2"/>
        <line num="177" type="stmt" count="2"/>
        <line num="178" type="stmt" count="2"/>
        <line num="179" type="stmt" count="2"/>
        <line num="185" type="method" name="destroy" visibility="public" complexity="4" crap="4.01" count="1"/>
        <line num="187" type="stmt" count="1"/>
        <line num="188" type="stmt" count="1"/>
        <line num="190" type="stmt" count="1"/>
        <line num="191" type="stmt" count="0"/>
        <line num="194" type="stmt" count="1"/>
        <line num="195" type="stmt" count="1"/>
        <line num="196" type="stmt" count="1"/>
        <line num="197" type="stmt" count="1"/>
        <line num="199" type="stmt" count="1"/>
        <line num="200" type="stmt" count="1"/>
        <line num="201" type="stmt" count="1"/>
        <line num="207" type="method" name="getHistorial" visibility="public" complexity="3" crap="3.03" count="1"/>
        <line num="209" type="stmt" count="1"/>
        <line num="210" type="stmt" count="1"/>
        <line num="212" type="stmt" count="1"/>
        <line num="213" type="stmt" count="0"/>
        <line num="216" type="stmt" count="1"/>
        <line num="217" type="stmt" count="1"/>
        <line num="219" type="stmt" count="1"/>
        <line num="225" type="method" name="addComment" visibility="public" complexity="4" crap="20" count="0"/>
        <line num="227" type="stmt" count="0"/>
        <line num="228" type="stmt" count="0"/>
        <line num="229" type="stmt" count="0"/>
        <line num="231" type="stmt" count="0"/>
        <line num="232" type="stmt" count="0"/>
        <line num="234" type="stmt" count="0"/>
        <line num="235" type="stmt" count="0"/>
        <line num="238" type="stmt" count="0"/>
        <line num="239" type="stmt" count="0"/>
        <line num="240" type="stmt" count="0"/>
        <line num="241" type="stmt" count="0"/>
        <line num="242" type="stmt" count="0"/>
        <line num="243" type="stmt" count="0"/>
        <line num="245" type="stmt" count="0"/>
        <line num="246" type="stmt" count="0"/>
        <line num="247" type="stmt" count="0"/>
        <line num="248" type="stmt" count="0"/>
        <line num="254" type="method" name="checkAccess" visibility="private" complexity="9" crap="9.13" count="6"/>
        <line num="256" type="stmt" count="6"/>
        <line num="257" type="stmt" count="3"/>
        <line num="260" type="stmt" count="3"/>
        <line num="261" type="stmt" count="1"/>
        <line num="262" type="stmt" count="1"/>
        <line num="263" type="stmt" count="1"/>
        <line num="264" type="stmt" count="1"/>
        <line num="265" type="stmt" count="1"/>
        <line num="268" type="stmt" count="0"/>
        <line num="271" type="stmt" count="1"/>
        <line num="274" type="stmt" count="2"/>
        <line num="275" type="stmt" count="1"/>
        <line num="276" type="stmt" count="1"/>
        <line num="279" type="stmt" count="1"/>
        <line num="282" type="stmt" count="1"/>
        <line num="283" type="stmt" count="0"/>
        <line num="286" type="stmt" count="1"/>
        <line num="292" type="method" name="despacharNotificaciones" visibility="private" complexity="6" crap="7.64" count="10"/>
        <line num="295" type="stmt" count="10"/>
        <line num="298" type="stmt" count="10"/>
        <line num="299" type="stmt" count="2"/>
        <line num="300" type="stmt" count="2"/>
        <line num="301" type="stmt" count="2"/>
        <line num="302" type="stmt" count="2"/>
        <line num="303" type="stmt" count="2"/>
        <line num="305" type="stmt" count="2"/>
        <line num="306" type="stmt" count="1"/>
        <line num="307" type="stmt" count="1"/>
        <line num="308" type="stmt" count="1"/>
        <line num="309" type="stmt" count="1"/>
        <line num="310" type="stmt" count="1"/>
        <line num="311" type="stmt" count="1"/>
        <line num="312" type="stmt" count="1"/>
        <line num="317" type="stmt" count="10"/>
        <line num="318" type="stmt" count="10"/>
        <line num="320" type="stmt" count="10"/>
        <line num="321" type="stmt" count="0"/>
        <line num="323" type="stmt" count="0"/>
        <line num="324" type="stmt" count="0"/>
        <line num="325" type="stmt" count="0"/>
        <line num="326" type="stmt" count="0"/>
        <line num="327" type="stmt" count="0"/>
        <line num="328" type="stmt" count="0"/>
        <line num="329" type="stmt" count="0"/>
        <line num="330" type="stmt" count="0"/>
        <line num="331" type="stmt" count="0"/>
        <metrics loc="336" ncloc="303" classes="1" methods="9" coveredmethods="2" conditionals="0" coveredconditionals="0" statements="177" coveredstatements="133" elements="186" coveredelements="135"/>
      </file>
      <file name="E:\Users\Carlos F. Patiño\Workspace\Sistema-web-de-Gestion-de-Incidencias\backend\api\app\Http\Controllers\InstitucionController.php">
        <class name="App\Http\Controllers\InstitucionController" namespace="App\Http\Controllers">
[...]
        <line num="90" type="stmt" count="2"/>
        <line num="91" type="stmt" count="2"/>
        <line num="92" type="stmt" count="2"/>
        <line num="93" type="stmt" count="2"/>
        <line num="94" type="stmt" count="2"/>
        <line num="95" type="stmt" count="2"/>
        <line num="96" type="stmt" count="2"/>
        <line num="97" type="stmt" count="2"/>
        <line num="98" type="stmt" count="2"/>
        <line num="99" type="stmt" count="2"/>
        <line num="100" type="stmt" count="2"/>
        <line num="101" type="stmt" count="2"/>
        <line num="103" type="stmt" count="2"/>
        <line num="104" type="stmt" count="2"/>
        <line num="105" type="stmt" count="2"/>
        <line num="106" type="stmt" count="2"/>
        <line num="107" type="stmt" count="2"/>
        <line num="108" type="stmt" count="2"/>
        <line num="110" type="stmt" count="2"/>
        <line num="111" type="stmt" count="2"/>
        <line num="112" type="stmt" count="2"/>
        <line num="113" type="stmt" count="2"/>
        <line num="114" type="stmt" count="2"/>
        <line num="115" type="stmt" count="2"/>
        <line num="117" type="stmt" count="2"/>
        <line num="118" type="stmt" count="2"/>
        <line num="119" type="stmt" count="2"/>
        <line num="120" type="stmt" count="2"/>
        <line num="121" type="stmt" count="2"/>
        <line num="122" type="stmt" count="2"/>
        <line num="123" type="stmt" count="2"/>
        <line num="127" type="stmt" count="5"/>
        <line num="128" type="stmt" count="5"/>
        <line num="129" type="stmt" count="2"/>
        <line num="131" type="stmt" count="5"/>
        <line num="132" type="stmt" count="5"/>
        <line num="134" type="stmt" count="5"/>
        <line num="135" type="stmt" count="2"/>
        <line num="138" type="stmt" count="5"/>
        <line num="139" type="stmt" count="6"/>
        <metrics loc="142" ncloc="141" classes="1" methods="1" coveredmethods="1" conditionals="0" coveredconditionals="0" statements="107" coveredstatements="107" elements="108" coveredelements="108"/>
      </file>
    </package>
    <file name="E:\Users\Carlos F. Patiño\Workspace\Sistema-web-de-Gestion-de-Incidencias\backend\api\app\Services\Contracts\PermissionServiceInterface.php">
      <metrics loc="26" ncloc="17" classes="0" methods="0" coveredmethods="0" conditionals="0" coveredconditionals="0" statements="0" coveredstatements="0" elements="0" coveredelements="0"/>
    </file>
    <file name="E:\Users\Carlos F. Patiño\Workspace\Sistema-web-de-Gestion-de-Incidencias\backend\api\app\Services\Contracts\RoleServiceInterface.php">
      <metrics loc="30" ncloc="18" classes="0" methods="0" coveredmethods="0" conditionals="0" coveredconditionals="0" statements="0" coveredstatements="0" elements="0" coveredelements="0"/>
    </file>
    <package name="App\Services">
      <file name="E:\Users\Carlos F. Patiño\Workspace\Sistema-web-de-Gestion-de-Incidencias\backend\api\app\Services\IncidenciaService.php">
        <class name="App\Services\IncidenciaService" namespace="App\Services">
          <metrics complexity="33" methods="5" coveredmethods="1" conditionals="0" coveredconditionals="0" statements="127" coveredstatements="97" elements="132" coveredelements="98"/>
        </class>
        <line num="17" type="method" name="__construct" visibility="public" complexity="1" crap="1" count="9"/>
        <line num="19" type="stmt" count="9"/>
        <line num="25" type="method" name="calculatePriority" visibility="public" complexity="7" crap="10.54" count="9"/>
        <line num="27" type="stmt" count="9"/>
        <line num="28" type="stmt" count="9"/>
        <line num="29" type="stmt" count="0"/>
        <line num="32" type="stmt" count="9"/>
        <line num="34" type="stmt" count="9"/>
        <line num="35" type="stmt" count="1"/>
        <line num="36" type="stmt" count="1"/>
        <line num="38" type="stmt" count="0"/>
        <line num="39" type="stmt" count="0"/>
        <line num="41" type="stmt" count="0"/>
        <line num="42" type="stmt" count="0"/>
        <line num="46" type="stmt" count="8"/>
        <line num="52" type="method" name="processBase64Resources" visibility="public" complexity="6" crap="42" count="0"/>
        <line num="54" type="stmt" count="0"/>
        <line num="56" type="stmt" count="0"/>
        <line num="58" type="stmt" count="0"/>
        <line num="59" type="stmt" count="0"/>
        <line num="61" type="stmt" count="0"/>
        <line num="64" type="stmt" count="0"/>
        <line num="65" type="stmt" count="0"/>
        <line num="66" type="stmt" count="0"/>
        <line num="70" type="stmt" count="0"/>
        <line num="71" type="stmt" count="0"/>
        <line num="72" type="stmt" count="0"/>
        <line num="75" type="stmt" count="0"/>
        <line num="76" type="stmt" count="0"/>
        <line num="77" type="stmt" count="0"/>
        <line num="81" type="stmt" count="0"/>
        <line num="82" type="stmt" count="0"/>
        <line num="83" type="stmt" count="0"/>
        <line num="86" type="stmt" count="0"/>
        <line num="88" type="stmt" count="0"/>
        <line num="90" type="stmt" count="0"/>
        <line num="91" type="stmt" count="0"/>
        <line num="92" type="stmt" count="0"/>
        <line num="93" type="stmt" count="0"/>
        <line num="100" type="method" name="createIncidencia" visibility="public" complexity="13" crap="13" count="7"/>
        <line num="102" type="stmt" count="7"/>
        <line num="103" type="stmt" count="7"/>
        <line num="106" type="stmt" count="7"/>
        <line num="107" type="stmt" count="7"/>
        <line num="108" type="stmt" count="7"/>
        <line num="109" type="stmt" count="7"/>
        <line num="110" type="stmt" count="7"/>
        <line num="111" type="stmt" count="7"/>
        <line num="112" type="stmt" count="7"/>
        <line num="113" type="stmt" count="7"/>
        <line num="114" type="stmt" count="7"/>
        <line num="116" type="stmt" count="7"/>
        <line num="117" type="stmt" count="1"/>
        <line num="118" type="stmt" count="1"/>
        <line num="119" type="stmt" count="1"/>
        <line num="121" type="stmt" count="1"/>
        <line num="122" type="stmt" count="1"/>
        <line num="123" type="stmt" count="1"/>
        <line num="124" type="stmt" count="1"/>
        <line num="125" type="stmt" count="1"/>
        <line num="127" type="stmt" count="1"/>
        <line num="128" type="stmt" count="1"/>
        <line num="131" type="stmt" count="1"/>
        <line num="132" type="stmt" count="1"/>
        <line num="133" type="stmt" count="1"/>
        <line num="134" type="stmt" count="1"/>
        <line num="135" type="stmt" count="1"/>
        <line num="136" type="stmt" count="1"/>
        <line num="139" type="stmt" count="1"/>
        <line num="140" type="stmt" count="1"/>
        <line num="141" type="stmt" count="1"/>
        <line num="144" type="stmt" count="1"/>
        <line num="145" type="stmt" count="1"/>
        <line num="146" type="stmt" count="1"/>
        <line num="147" type="stmt" count="1"/>
        <line num="153" type="stmt" count="6"/>
        <line num="154" type="stmt" count="6"/>
        <line num="156" type="stmt" count="6"/>
        <line num="157" type="stmt" count="6"/>
        <line num="158" type="stmt" count="6"/>
        <line num="159" type="stmt" count="6"/>
        <line num="162" type="stmt" count="6"/>
        <line num="163" type="stmt" count="6"/>
        <line num="164" type="stmt" count="6"/>
        <line num="165" type="stmt" count="6"/>
        <line num="166" type="stmt" count="6"/>
        <line num="167" type="stmt" count="6"/>
        <line num="168" type="stmt" count="6"/>
        <line num="169" type="stmt" count="6"/>
        <line num="170" type="stmt" count="6"/>
        <line num="171" type="stmt" count="6"/>
        <line num="172" type="stmt" count="6"/>
        <line num="173" type="stmt" count="6"/>
        <line num="174" type="stmt" count="6"/>
        <line num="176" type="stmt" count="6"/>
        <line num="177" type="stmt" count="6"/>
        <line num="180" type="stmt" count="6"/>
        <line num="181" type="stmt" count="0"/>
        <line num="184" type="stmt" count="6"/>
        <line num="185" type="stmt" count="6"/>
        <line num="186" type="stmt" count="6"/>
        <line num="187" type="stmt" count="6"/>
        <line num="188" type="stmt" count="7"/>
        <line num="194" type="method" name="updateIncidencia" visibility="public" complexity="6" crap="6" count="2"/>
        <line num="196" type="stmt" count="2"/>
        <line num="197" type="stmt" count="2"/>
        <line num="198" type="stmt" count="2"/>
        <line num="199" type="stmt" count="2"/>
        <line num="201" type="stmt" count="2"/>
        <line num="202" type="stmt" count="2"/>
        <line num="203" type="stmt" count="2"/>
        <line num="204" type="stmt" count="2"/>
        <line num="205" type="stmt" count="2"/>
        <line num="209" type="stmt" count="2"/>
        <line num="210" type="stmt" count="2"/>
        <line num="211" type="stmt" count="2"/>
        <line num="212" type="stmt" count="2"/>
        <line num="213" type="stmt" count="2"/>
        <line num="214" type="stmt" count="2"/>
        <line num="215" type="stmt" count="2"/>
        <line num="216" type="stmt" count="2"/>
        <line num="217" type="stmt" count="2"/>
        <line num="218" type="stmt" count="2"/>
        <line num="219" type="stmt" count="2"/>
        <line num="220" type="stmt" count="2"/>
        <line num="222" type="stmt" count="2"/>
        <line num="223" type="stmt" count="0"/>
        <line num="226" type="stmt" count="2"/>
        <line num="227" type="stmt" count="2"/>
        <line num="228" type="stmt" count="2"/>
        <line num="229" type="stmt" count="2"/>
        <line num="230" type="stmt" count="2"/>
        <metrics loc="233" ncloc="210" classes="1" methods="5" coveredmethods="1" conditionals="0" coveredconditionals="0" statements="127" coveredstatements="97" elements="132" coveredelements="98"/>
      </file>
      <file name="E:\Users\Carlos F. Patiño\Workspace\Sistema-web-de-Gestion-de-Incidencias\backend\api\app\Services\IncidentGroupingService.php">
        <class name="App\Services\IncidentGroupingService" namespace="App\Services">
          <metrics complexity="3" methods="1" coveredmethods="0" conditionals="0" coveredconditionals="0" statements="26" coveredstatements="12" elements="27" coveredelements="12"/>
        </class>
        <line num="14" type="method" name="findSimilarIncident" visibility="public" complexity="3" crap="4.41" count="7"/>
        <line num="16" type="stmt" count="7"/>
        <line num="18" type="stmt" count="7"/>
        <line num="19" type="stmt" count="7"/>
        <line num="20" type="stmt" count="7"/>
        <line num="21" type="stmt" count="7"/>
        <line num="22" type="stmt" count="7"/>
        <line num="23" type="stmt" count="7"/>
        <line num="25" type="stmt" count="7"/>
        <line num="27" type="stmt" count="7"/>
        <line num="28" type="stmt" count="7"/>
        <line num="29" type="stmt" count="7"/>
        <line num="32" type="stmt" count="0"/>
        <line num="33" type="stmt" count="0"/>
        <line num="34" type="stmt" count="0"/>
        <line num="35" type="stmt" count="0"/>
        <line num="36" type="stmt" count="0"/>
        <line num="37" type="stmt" count="0"/>
        <line num="40" type="stmt" count="0"/>
        <line num="41" type="stmt" count="0"/>
        <line num="45" type="stmt" count="0"/>
        <line num="46" type="stmt" count="0"/>
        <line num="47" type="stmt" count="0"/>
        <line num="48" type="stmt" count="0"/>
        <line num="52" type="stmt" count="0"/>
        <line num="53" type="stmt" count="0"/>
        <line num="56" type="stmt" count="7"/>
        <metrics loc="59" ncloc="52" classes="1" methods="1" coveredmethods="0" conditionals="0" coveredconditionals="0" statements="26" coveredstatements="12" elements="27" coveredelements="12"/>
      </file>
      <file name="E:\Users\Carlos F. Patiño\Workspace\Sistema-web-de-Gestion-de-Incidencias\backend\api\app\Services\IssueNotificationService.php">
        <class name="App\Services\IssueNotificationService" namespace="App\Services">
          <metrics complexity="8" methods="3" coveredmethods="0" conditionals="0" coveredconditionals="0" statements="34" coveredstatements="0" elements="37" coveredelements="0"/>
        </class>
        <line num="17" type="method" name="notifyStatusChange" visibility="public" complexity="2" crap="6" count="0"/>
        <line num="22" type="stmt" count="0"/>
        <line num="24" type="stmt" count="0"/>
        <line num="25" type="stmt" count="0"/>
        <line num="27" type="stmt" count="0"/>
        <line num="28" type="stmt" count="0"/>
        <line num="29" type="stmt" count="0"/>
        <line num="30" type="stmt" count="0"/>
        <line num="31" type="stmt" count="0"/>
        <line num="32" type="stmt" count="0"/>
        <line num="33" type="stmt" count="0"/>
        <line num="34" type="stmt" count="0"/>
        <line num="37" type="stmt" count="0"/>
        <line num="39" type="stmt" count="0"/>
        <line num="40" type="stmt" count="0"/>
        <line num="41" type="stmt" count="0"/>
        <line num="44" type="stmt" count="0"/>
        <line num="50" type="method" name="notifyAssignment" visibility="public" complexity="1" crap="2" count="0"/>
        <line num="52" type="stmt" count="0"/>
        <line num="54" type="stmt" count="0"/>
        <line num="56" type="stmt" count="0"/>
        <line num="58" type="stmt" count="0"/>
        <line num="59" type="stmt" count="0"/>
        <line num="60" type="stmt" count="0"/>
        <line num="61" type="stmt" count="0"/>
        <line num="62" type="stmt" count="0"/>
        <line num="63" type="stmt" count="0"/>
        <line num="64" type="stmt" count="0"/>
        <line num="65" type="stmt" count="0"/>
        <line num="67" type="stmt" count="0"/>
        <line num="70" type="method" name="getStatusColor" visibility="private" complexity="5" crap="30" count="0"/>
        <line num="72" type="stmt" count="0"/>
        <line num="73" type="stmt" count="0"/>
        <line num="74" type="stmt" count="0"/>
        <line num="75" type="stmt" count="0"/>
        <line num="76" type="stmt" count="0"/>
        <line num="77" type="stmt" count="0"/>
        <metrics loc="80" ncloc="71" classes="1" methods="3" coveredmethods="0" conditionals="0" coveredconditionals="0" statements="34" coveredstatements="0" elements="37" coveredelements="0"/>
      </file>
      <file name="E:\Users\Carlos F. Patiño\Workspace\Sistema-web-de-Gestion-de-Incidencias\backend\api\app\Services\PermissionService.php">
        <class name="App\Services\PermissionService" namespace="App\Services">
          <metrics complexity="6" methods="3" coveredmethods="2" conditionals="0" coveredconditionals="0" statements="11" coveredstatements="6" elements="14" coveredelements="8"/>
        </class>
        <line num="16" type="method" name="grantPermissionsToRole" visibility="public" complexity="1" crap="1" count="11"/>
        <line num="18" type="stmt" count="11"/>
        <line num="19" type="stmt" count="11"/>
        <line num="20" type="stmt" count="11"/>
        <line num="22" type="stmt" count="11"/>
        <line num="24" type="stmt" count="11"/>
        <line num="30" type="method" name="syncPermissionsToRole" visibility="public" complexity="1" crap="1" count="12"/>
        <line num="32" type="stmt" count="12"/>
        <line num="38" type="method" name="userHasPermission" visibility="public" complexity="4" crap="20" count="0"/>
        <line num="41" type="stmt" count="0"/>
        <line num="42" type="stmt" count="0"/>
        <line num="43" type="stmt" count="0"/>
        <line num="44" type="stmt" count="0"/>
        <line num="49" type="stmt" count="0"/>
        <metrics loc="52" ncloc="42" classes="1" methods="3" coveredmethods="2" conditionals="0" coveredconditionals="0" statements="11" coveredstatements="6" elements="14" coveredelements="8"/>
      </file>
      <file name="E:\Users\Carlos F. Patiño\Workspace\Sistema-web-de-Gestion-de-Incidencias\backend\api\app\Services\RoleService.php">
        <class name="App\Services\RoleService" namespace="App\Services">
          <metrics complexity="5" methods="4" coveredmethods="3" conditionals="0" coveredconditionals="0" statements="6" coveredstatements="3" elements="10" coveredelements="6"/>
        </class>
        <line num="14" type="method" name="getAllRoles" visibility="public" complexity="1" crap="1" count="1"/>
        <line num="16" type="stmt" count="1"/>
        <line num="22" type="method" name="getRoleById" visibility="public" complexity="1" crap="1" count="1"/>
        <line num="24" type="stmt" count="1"/>
        <line num="30" type="method" name="assignRoleToUser" visibility="public" complexity="2" crap="6" count="0"/>
        <line num="32" type="stmt" count="0"/>
        <line num="33" type="stmt" count="0"/>
        <line num="34" type="stmt" count="0"/>
        <line num="41" type="method" name="syncRolesToUser" visibility="public" complexity="1" crap="1" count="13"/>
        <line num="43" type="stmt" count="13"/>
        <metrics loc="46" ncloc="34" classes="1" methods="4" coveredmethods="3" conditionals="0" coveredconditionals="0" statements="6" coveredstatements="3" elements="10" coveredelements="6"/>
      </file>
      <file name="E:\Users\Carlos F. Patiño\Workspace\Sistema-web-de-Gestion-de-Incidencias\backend\api\app\Services\TimezoneService.php">
        <class name="App\Services\TimezoneService" namespace="App\Services">
          <metrics complexity="4" methods="4" coveredmethods="3" conditionals="0" coveredconditionals="0" statements="4" coveredstatements="3" elements="8" coveredelements="6"/>
        </class>
        <line num="14" type="method" name="timezone" visibility="public" complexity="1" crap="1" count="89"/>
        <line num="16" type="stmt" count="89"/>
        <line num="22" type="method" name="nowLocal" visibility="public" complexity="1" crap="1" count="18"/>
        <line num="24" type="stmt" count="18"/>
        <line num="31" type="method" name="toLocal" visibility="public" complexity="1" crap="2" count="0"/>
        <line num="33" type="stmt" count="0"/>
        <line num="40" type="method" name="serialize" visibility="public" complexity="1" crap="1" count="73"/>
        <line num="42" type="stmt" count="73"/>
        <metrics loc="45" ncloc="30" classes="1" methods="4" coveredmethods="3" conditionals="0" coveredconditionals="0" statements="4" coveredstatements="3" elements="8" coveredelements="6"/>
      </file>
    </package>
    <package name="App\Traits">
      <file name="E:\Users\Carlos F. Patiño\Workspace\Sistema-web-de-Gestion-de-Incidencias\backend\api\app\Traits\HasLocalTimezone.php">
        <class name="App\Traits\HasLocalTimezone" namespace="App\Traits">
          <metrics complexity="1" methods="1" coveredmethods="1" conditionals="0" coveredconditionals="0" statements="1" coveredstatements="1" elements="2" coveredelements="2"/>
        </class>
        <line num="15" type="method" name="serializeDate" visibility="protected" complexity="1" crap="1" count="73"/>
        <line num="17" type="stmt" count="73"/>
        <metrics loc="20" ncloc="15" classes="1" methods="1" coveredmethods="1" conditionals="0" coveredconditionals="0" statements="1" coveredstatements="1" elements="2" coveredelements="2"/>
      </file>
    </package>
    <metrics files="73" loc="6925" ncloc="5958" classes="66" methods="250" coveredmethods="135" conditionals="0" coveredconditionals="0" statements="2852" coveredstatements="1691" elements="3102" coveredelements="1826"/>
  </project>
</coverage>
