<?xml version="1.0" encoding="UTF-8"?>
<testsuites>
  <testsuite name="E:\Users\Carlos F. Patiño\Workspace\Sistema-web-de-Gestion-de-Incidencias\backend\api\phpunit.xml" tests="133" assertions="435" errors="0" failures="0" skipped="0" time="151.901889">
    <testsuite name="Unit" tests="1" assertions="1" errors="0" failures="0" skipped="0" time="0.052312">
      <testsuite name="Tests\Unit\ExampleTest" file="E:\Users\Carlos F. Patiño\Workspace\Sistema-web-de-Gestion-de-Incidencias\backend\api\tests\Unit\ExampleTest.php" tests="1" assertions="1" errors="0" failures="0" skipped="0" time="0.052312">
        <testcase name="test_that_true_is_true" file="E:\Users\Carlos F. Patiño\Workspace\Sistema-web-de-Gestion-de-Incidencias\backend\api\tests\Unit\ExampleTest.php" line="12" class="Tests\Unit\ExampleTest" classname="Tests.Unit.ExampleTest" assertions="1" time="0.052312"/>
      </testsuite>
    </testsuite>
    <testsuite name="Feature" tests="132" assertions="434" errors="0" failures="0" skipped="0" time="151.849577">
      <testsuite name="Tests\Feature\ArtisanOptimizeTest" file="E:\Users\Carlos F. Patiño\Workspace\Sistema-web-de-Gestion-de-Incidencias\backend\api\tests\Feature\ArtisanOptimizeTest.php" tests="1" assertions="4" errors="0" failures="0" skipped="0" time="7.035152">
        <testcase name="test_optimize_commands_run_successfully" file="E:\Users\Carlos F. Patiño\Workspace\Sistema-web-de-Gestion-de-Incidencias\backend\api\tests\Feature\ArtisanOptimizeTest.php" line="10" class="Tests\Feature\ArtisanOptimizeTest" classname="Tests.Feature.ArtisanOptimizeTest" assertions="4" time="7.035152"/>
      </testsuite>
      <testsuite name="Tests\Feature\AuthTest" file="E:\Users\Carlos F. Patiño\Workspace\Sistema-web-de-Gestion-de-Incidencias\backend\api\tests\Feature\AuthTest.php" tests="6" assertions="15" errors="0" failures="0" skipped="0" time="3.357246">
        <testcase name="test_cannot_access_protected_route_without_token" file="E:\Users\Carlos F. Patiño\Workspace\Sistema-web-de-Gestion-de-Incidencias\backend\api\tests\Feature\AuthTest.php" line="21" class="Tests\Feature\AuthTest" classname="Tests.Feature.AuthTest" assertions="1" time="2.196797"/>
        <testcase name="test_ciudadano_cannot_access_admin_routes" file="E:\Users\Carlos F. Patiño\Workspace\Sistema-web-de-Gestion-de-Incidencias\backend\api\tests\Feature\AuthTest.php" line="28" class="Tests\Feature\AuthTest" classname="Tests.Feature.AuthTest" assertions="1" time="0.238841"/>
        <testcase name="test_rejects_invalid_or_manipulated_token" file="E:\Users\Carlos F. Patiño\Workspace\Sistema-web-de-Gestion-de-Incidencias\backend\api\tests\Feature\AuthTest.php" line="42" class="Tests\Feature\AuthTest" classname="Tests.Feature.AuthTest" assertions="1" time="0.100975"/>
        <testcase name="test_cannot_access_after_logout_or_token_revocation" file="E:\Users\Carlos F. Patiño\Workspace\Sistema-web-de-Gestion-de-Incidencias\backend\api\tests\Feature\AuthTest.php" line="52" class="Tests\Feature\AuthTest" classname="Tests.Feature.AuthTest" assertions="1" time="0.106899"/>
        <testcase name="test_menu_options_are_filtered_by_role" file="E:\Users\Carlos F. Patiño\Workspace\Sistema-web-de-Gestion-de-Incidencias\backend\api\tests\Feature\AuthTest.php" line="70" class="Tests\Feature\AuthTest" classname="Tests.Feature.AuthTest" assertions="4" time="0.157889"/>
        <testcase name="test_admin_can_delete_user_and_removes_roles_and_tokens" file="E:\Users\Carlos F. Patiño\Workspace\Sistema-web-de-Gestion-de-Incidencias\backend\api\tests\Feature\AuthTest.php" line="103" class="Tests\Feature\AuthTest" classname="Tests.Feature.AuthTest" assertions="7" time="0.555844"/>
      </testsuite>
      <testsuite name="Tests\Feature\CachePerformanceTest" file="E:\Users\Carlos F. Patiño\Workspace\Sistema-web-de-Gestion-de-Incidencias\backend\api\tests\Feature\CachePerformanceTest.php" tests="2" assertions="5" errors="0" failures="0" skipped="0" time="16.029212">
        <testcase name="test_catalogs_are_cached" file="E:\Users\Carlos F. Patiño\Workspace\Sistema-web-de-Gestion-de-Incidencias\backend\api\tests\Feature\CachePerformanceTest.php" line="22" class="Tests\Feature\CachePerformanceTest" classname="Tests.Feature.CachePerformanceTest" assertions="2" time="8.115890">
          <system-out>--- RESULTADO DEL TEST DE PERMISOS ---
Permisos de Admin (Deberían ser 68): 68
Permisos de Supervisor (Deberían ser 5): 5
--------------------------------------
</system-out>
        </testcase>
        <testcase name="test_metrics_are_cached" file="E:\Users\Carlos F. Patiño\Workspace\Sistema-web-de-Gestion-de-Incidencias\backend\api\tests\Feature\CachePerformanceTest.php" line="43" class="Tests\Feature\CachePerformanceTest" classname="Tests.Feature.CachePerformanceTest" assertions="3" time="7.913322">
          <system-out>--- RESULTADO DEL TEST DE PERMISOS ---
Permisos de Admin (Deberían ser 68): 68
Permisos de Supervisor (Deberían ser 5): 5
--------------------------------------
</system-out>
        </testcase>
      </testsuite>
      <testsuite name="Tests\Feature\CatalogoTest" file="E:\Users\Carlos F. Patiño\Workspace\Sistema-web-de-Gestion-de-Incidencias\backend\api\tests\Feature\CatalogoTest.php" tests="5" assertions="34" errors="0" failures="0" skipped="0" time="2.426403">
        <testcase name="test_no_se_puede_acceder_a_catalogos_sin_autenticacion" file="E:\Users\Carlos F. Patiño\Workspace\Sistema-web-de-Gestion-de-Incidencias\backend\api\tests\Feature\CatalogoTest.php" line="43" class="Tests\Feature\CatalogoTest" classname="Tests.Feature.CatalogoTest" assertions="1" time="0.366998"/>
        <testcase name="test_se_pueden_listar_paises" file="E:\Users\Carlos F. Patiño\Workspace\Sistema-web-de-Gestion-de-Incidencias\backend\api\tests\Feature\CatalogoTest.php" line="49" class="Tests\Feature\CatalogoTest" classname="Tests.Feature.CatalogoTest" assertions="5" time="0.539849"/>
        <testcase name="test_se_pueden_listar_territorios_filtrados" file="E:\Users\Carlos F. Patiño\Workspace\Sistema-web-de-Gestion-de-Incidencias\backend\api\tests\Feature\CatalogoTest.php" line="66" class="Tests\Feature\CatalogoTest" classname="Tests.Feature.CatalogoTest" assertions="10" time="0.492288"/>
        <testcase name="test_se_pueden_listar_direcciones_filtradas" file="E:\Users\Carlos F. Patiño\Workspace\Sistema-web-de-Gestion-de-Incidencias\backend\api\tests\Feature\CatalogoTest.php" line="117" class="Tests\Feature\CatalogoTest" classname="Tests.Feature.CatalogoTest" assertions="4" time="0.503038"/>
        <testcase name="test_se_pueden_listar_categorias_incidencia_filtradas" file="E:\Users\Carlos F. Patiño\Workspace\Sistema-web-de-Gestion-de-Incidencias\backend\api\tests\Feature\CatalogoTest.php" line="146" class="Tests\Feature\CatalogoTest" classname="Tests.Feature.CatalogoTest" assertions="14" time="0.524231"/>
      </testsuite>
      <testsuite name="Tests\Feature\CategoriaIncidenciaTest" file="E:\Users\Carlos F. Patiño\Workspace\Sistema-web-de-Gestion-de-Incidencias\backend\api\tests\Feature\CategoriaIncidenciaTest.php" tests="10" assertions="37" errors="0" failures="0" skipped="0" time="4.404229">
        <testcase name="test_index_returns_paginated_categories" file="E:\Users\Carlos F. Patiño\Workspace\Sistema-web-de-Gestion-de-Incidencias\backend\api\tests\Feature\CategoriaIncidenciaTest.php" line="24" class="Tests\Feature\CategoriaIncidenciaTest" classname="Tests.Feature.CategoriaIncidenciaTest" assertions="13" time="0.426556"/>
        <testcase name="test_index_returns_all_categories_when_all_true" file="E:\Users\Carlos F. Patiño\Workspace\Sistema-web-de-Gestion-de-Incidencias\backend\api\tests\Feature\CategoriaIncidenciaTest.php" line="43" class="Tests\Feature\CategoriaIncidenciaTest" classname="Tests.Feature.CategoriaIncidenciaTest" assertions="4" time="0.603207"/>
        <testcase name="test_store_creates_new_category" file="E:\Users\Carlos F. Patiño\Workspace\Sistema-web-de-Gestion-de-Incidencias\backend\api\tests\Feature\CategoriaIncidenciaTest.php" line="54" class="Tests\Feature\CategoriaIncidenciaTest" classname="Tests.Feature.CategoriaIncidenciaTest" assertions="4" time="0.412735"/>
        <testcase name="test_store_validates_required_fields" file="E:\Users\Carlos F. Patiño\Workspace\Sistema-web-de-Gestion-de-Incidencias\backend\api\tests\Feature\CategoriaIncidenciaTest.php" line="70" class="Tests\Feature\CategoriaIncidenciaTest" classname="Tests.Feature.CategoriaIncidenciaTest" assertions="3" time="0.513410"/>
        <testcase name="test_show_returns_category" file="E:\Users\Carlos F. Patiño\Workspace\Sistema-web-de-Gestion-de-Incidencias\backend\api\tests\Feature\CategoriaIncidenciaTest.php" line="78" class="Tests\Feature\CategoriaIncidenciaTest" classname="Tests.Feature.CategoriaIncidenciaTest" assertions="2" time="0.401840"/>
        <testcase name="test_show_returns_404_if_not_found" file="E:\Users\Carlos F. Patiño\Workspace\Sistema-web-de-Gestion-de-Incidencias\backend\api\tests\Feature\CategoriaIncidenciaTest.php" line="88" class="Tests\Feature\CategoriaIncidenciaTest" classname="Tests.Feature.CategoriaIncidenciaTest" assertions="1" time="0.407073"/>
        <testcase name="test_update_modifies_existing_category" file="E:\Users\Carlos F. Patiño\Workspace\Sistema-web-de-Gestion-de-Incidencias\backend\api\tests\Feature\CategoriaIncidenciaTest.php" line="95" class="Tests\Feature\CategoriaIncidenciaTest" classname="Tests.Feature.CategoriaIncidenciaTest" assertions="3" time="0.403969"/>
        <testcase name="test_update_prevents_circular_dependency" file="E:\Users\Carlos F. Patiño\Workspace\Sistema-web-de-Gestion-de-Incidencias\backend\api\tests\Feature\CategoriaIncidenciaTest.php" line="112" class="Tests\Feature\CategoriaIncidenciaTest" classname="Tests.Feature.CategoriaIncidenciaTest" assertions="2" time="0.429032"/>
        <testcase name="test_destroy_deletes_category" file="E:\Users\Carlos F. Patiño\Workspace\Sistema-web-de-Gestion-de-Incidencias\backend\api\tests\Feature\CategoriaIncidenciaTest.php" line="125" class="Tests\Feature\CategoriaIncidenciaTest" classname="Tests.Feature.CategoriaIncidenciaTest" assertions="2" time="0.410675"/>
        <testcase name="test_destroy_prevents_deletion_if_has_children" file="E:\Users\Carlos F. Patiño\Workspace\Sistema-web-de-Gestion-de-Incidencias\backend\api\tests\Feature\CategoriaIncidenciaTest.php" line="135" class="Tests\Feature\CategoriaIncidenciaTest" classname="Tests.Feature.CategoriaIncidenciaTest" assertions="3" time="0.395732"/>
      </testsuite>
      <testsuite name="Tests\Feature\CursorPaginationTest" file="E:\Users\Carlos F. Patiño\Workspace\Sistema-web-de-Gestion-de-Incidencias\backend\api\tests\Feature\CursorPaginationTest.php" tests="1" assertions="9" errors="0" failures="0" skipped="0" time="7.917336">
        <testcase name="test_incidencias_index_uses_cursor_pagination" file="E:\Users\Carlos F. Patiño\Workspace\Sistema-web-de-Gestion-de-Incidencias\backend\api\tests\Feature\CursorPaginationTest.php" line="20" class="Tests\Feature\CursorPaginationTest" classname="Tests.Feature.CursorPaginationTest" assertions="9" time="7.917336">
          <system-out>--- RESULTADO DEL TEST DE PERMISOS ---
Permisos de Admin (Deberían ser 68): 68
Permisos de Supervisor (Deberían ser 5): 5
--------------------------------------
</system-out>
        </testcase>
      </testsuite>
      <testsuite name="Tests\Feature\DashboardMetricsArchitectureTest" file="E:\Users\Carlos F. Patiño\Workspace\Sistema-web-de-Gestion-de-Incidencias\backend\api\tests\Feature\DashboardMetricsArchitectureTest.php" tests="2" assertions="4" errors="0" failures="0" skipped="0" time="16.079142">
        <testcase name="test_controller_delegates_to_dashboard_metrics_query" file="E:\Users\Carlos F. Patiño\Workspace\Sistema-web-de-Gestion-de-Incidencias\backend\api\tests\Feature\DashboardMetricsArchitectureTest.php" line="24" class="Tests\Feature\DashboardMetricsArchitectureTest" classname="Tests.Feature.DashboardMetricsArchitectureTest" assertions="3" time="7.912210">
          <system-out>--- RESULTADO DEL TEST DE PERMISOS ---
Permisos de Admin (Deberían ser 68): 68
Permisos de Supervisor (Deberían ser 5): 5
--------------------------------------
</system-out>
        </testcase>
        <testcase name="test_query_object_uses_query_builder_instead_of_eloquent" file="E:\Users\Carlos F. Patiño\Workspace\Sistema-web-de-Gestion-de-Incidencias\backend\api\tests\Feature\DashboardMetricsArchitectureTest.php" line="42" class="Tests\Feature\DashboardMetricsArchitectureTest" classname="Tests.Feature.DashboardMetricsArchitectureTest" assertions="1" time="8.166932">
          <system-out>--- RESULTADO DEL TEST DE PERMISOS ---
Permisos de Admin (Deberían ser 68): 68
Permisos de Supervisor (Deberían ser 5): 5
--------------------------------------
</system-out>
        </testcase>
      </testsuite>
      <testsuite name="Tests\Feature\DashboardTest" file="E:\Users\Carlos F. Patiño\Workspace\Sistema-web-de-Gestion-de-Incidencias\backend\api\tests\Feature\DashboardTest.php" tests="7" assertions="44" errors="0" failures="0" skipped="0" time="1.684873">
        <testcase name="test_stats_endpoint_requires_authentication" file="E:\Users\Carlos F. Patiño\Workspace\Sistema-web-de-Gestion-de-Incidencias\backend\api\tests\Feature\DashboardTest.php" line="93" class="Tests\Feature\DashboardTest" classname="Tests.Feature.DashboardTest" assertions="1" time="0.225572"/>
        <testcase name="test_metrics_endpoint_requires_authentication" file="E:\Users\Carlos F. Patiño\Workspace\Sistema-web-de-Gestion-de-Incidencias\backend\api\tests\Feature\DashboardTest.php" line="99" class="Tests\Feature\DashboardTest" classname="Tests.Feature.DashboardTest" assertions="1" time="0.171996"/>
        <testcase name="test_stats_returns_correct_structure" file="E:\Users\Carlos F. Patiño\Workspace\Sistema-web-de-Gestion-de-Incidencias\backend\api\tests\Feature\DashboardTest.php" line="105" class="Tests\Feature\DashboardTest" classname="Tests.Feature.DashboardTest" assertions="10" time="0.293414"/>
        <testcase name="test_metrics_returns_correct_structure_for_ciudadano" file="E:\Users\Carlos F. Patiño\Workspace\Sistema-web-de-Gestion-de-Incidencias\backend\api\tests\Feature\DashboardTest.php" line="147" class="Tests\Feature\DashboardTest" classname="Tests.Feature.DashboardTest" assertions="7" time="0.295257"/>
        <testcase name="test_metrics_returns_correct_structure_for_institucion" file="E:\Users\Carlos F. Patiño\Workspace\Sistema-web-de-Gestion-de-Incidencias\backend\api\tests\Feature\DashboardTest.php" line="164" class="Tests\Feature\DashboardTest" classname="Tests.Feature.DashboardTest" assertions="7" time="0.189786"/>
        <testcase name="test_metrics_returns_correct_structure_for_admin" file="E:\Users\Carlos F. Patiño\Workspace\Sistema-web-de-Gestion-de-Incidencias\backend\api\tests\Feature\DashboardTest.php" line="180" class="Tests\Feature\DashboardTest" classname="Tests.Feature.DashboardTest" assertions="9" time="0.205332"/>
        <testcase name="test_metrics_returns_correct_structure_for_supervisor" file="E:\Users\Carlos F. Patiño\Workspace\Sistema-web-de-Gestion-de-Incidencias\backend\api\tests\Feature\DashboardTest.php" line="197" class="Tests\Feature\DashboardTest" classname="Tests.Feature.DashboardTest" assertions="9" time="0.303517"/>
      </testsuite>
      <testsuite name="Tests\Feature\DatabaseDumpCommandTest" file="E:\Users\Carlos F. Patiño\Workspace\Sistema-web-de-Gestion-de-Incidencias\backend\api\tests\Feature\DatabaseDumpCommandTest.php" tests="1" assertions="1" errors="0" failures="0" skipped="0" time="1.206666">
        <testcase name="test_database_dump_command_executes_safely" file="E:\Users\Carlos F. Patiño\Workspace\Sistema-web-de-Gestion-de-Incidencias\backend\api\tests\Feature\DatabaseDumpCommandTest.php" line="15" class="Tests\Feature\DatabaseDumpCommandTest" classname="Tests.Feature.DatabaseDumpCommandTest" assertions="1" time="1.206666"/>
      </testsuite>
      <testsuite name="Tests\Feature\DireccionTest" file="E:\Users\Carlos F. Patiño\Workspace\Sistema-web-de-Gestion-de-Incidencias\backend\api\tests\Feature\DireccionTest.php" tests="5" assertions="16" errors="0" failures="0" skipped="0" time="2.596961">
        <testcase name="test_can_list_direcciones" file="E:\Users\Carlos F. Patiño\Workspace\Sistema-web-de-Gestion-de-Incidencias\backend\api\tests\Feature\DireccionTest.php" line="47" class="Tests\Feature\DireccionTest" classname="Tests.Feature.DireccionTest" assertions="3" time="0.528326"/>
        <testcase name="test_can_create_direccion" file="E:\Users\Carlos F. Patiño\Workspace\Sistema-web-de-Gestion-de-Incidencias\backend\api\tests\Feature\DireccionTest.php" line="64" class="Tests\Feature\DireccionTest" classname="Tests.Feature.DireccionTest" assertions="3" time="0.477587"/>
        <testcase name="test_cannot_create_direccion_with_invalid_data" file="E:\Users\Carlos F. Patiño\Workspace\Sistema-web-de-Gestion-de-Incidencias\backend\api\tests\Feature\DireccionTest.php" line="87" class="Tests\Feature\DireccionTest" classname="Tests.Feature.DireccionTest" assertions="5" time="0.550862"/>
        <testcase name="test_can_update_direccion" file="E:\Users\Carlos F. Patiño\Workspace\Sistema-web-de-Gestion-de-Incidencias\backend\api\tests\Feature\DireccionTest.php" line="101" class="Tests\Feature\DireccionTest" classname="Tests.Feature.DireccionTest" assertions="3" time="0.469371"/>
        <testcase name="test_can_delete_direccion" file="E:\Users\Carlos F. Patiño\Workspace\Sistema-web-de-Gestion-de-Incidencias\backend\api\tests\Feature\DireccionTest.php" line="124" class="Tests\Feature\DireccionTest" classname="Tests.Feature.DireccionTest" assertions="2" time="0.570815"/>
      </testsuite>
      <testsuite name="Tests\Feature\ExampleTest" file="E:\Users\Carlos F. Patiño\Workspace\Sistema-web-de-Gestion-de-Incidencias\backend\api\tests\Feature\ExampleTest.php" tests="1" assertions="1" errors="0" failures="0" skipped="0" time="0.309961">
        <testcase name="test_the_application_returns_a_successful_response" file="E:\Users\Carlos F. Patiño\Workspace\Sistema-web-de-Gestion-de-Incidencias\backend\api\tests\Feature\ExampleTest.php" line="15" class="Tests\Feature\ExampleTest" classname="Tests.Feature.ExampleTest" assertions="1" time="0.309961"/>
      </testsuite>
      <testsuite name="Tests\Feature\IncidenciaPerformanceTest" file="E:\Users\Carlos F. Patiño\Workspace\Sistema-web-de-Gestion-de-Incidencias\backend\api\tests\Feature\IncidenciaPerformanceTest.php" tests="6" assertions="17" errors="0" failures="0" skipped="0" time="47.728898">
        <testcase name="test_incidencia_index_no_n_plus_one" file="E:\Users\Carlos F. Patiño\Workspace\Sistema-web-de-Gestion-de-Incidencias\backend\api\tests\Feature\IncidenciaPerformanceTest.php" line="27" class="Tests\Feature\IncidenciaPerformanceTest" classname="Tests.Feature.IncidenciaPerformanceTest" assertions="4" time="8.683122">
          <system-out>--- RESULTADO DEL TEST DE PERMISOS ---
Permisos de Admin (Deberían ser 68): 68
Permisos de Supervisor (Deberían ser 5): 5
--------------------------------------
</system-out>
        </testcase>
        <testcase name="test_dashboard_stats_no_n_plus_one" file="E:\Users\Carlos F. Patiño\Workspace\Sistema-web-de-Gestion-de-Incidencias\backend\api\tests\Feature\IncidenciaPerformanceTest.php" line="65" class="Tests\Feature\IncidenciaPerformanceTest" classname="Tests.Feature.IncidenciaPerformanceTest" assertions="4" time="7.818542">
          <system-out>--- RESULTADO DEL TEST DE PERMISOS ---
Permisos de Admin (Deberían ser 68): 68
Permisos de Supervisor (Deberían ser 5): 5
--------------------------------------
</system-out>
        </testcase>
        <testcase name="test_incidencia_index_uses_cursor_paginate" file="E:\Users\Carlos F. Patiño\Workspace\Sistema-web-de-Gestion-de-Incidencias\backend\api\tests\Feature\IncidenciaPerformanceTest.php" line="105" class="Tests\Feature\IncidenciaPerformanceTest" classname="Tests.Feature.IncidenciaPerformanceTest" assertions="4" time="7.993959">
          <system-out>--- RESULTADO DEL TEST DE PERMISOS ---
Permisos de Admin (Deberían ser 68): 68
Permisos de Supervisor (Deberían ser 5): 5
--------------------------------------
</system-out>
        </testcase>
        <testcase name="test_incidencia_query_execution_plan_uses_index" file="E:\Users\Carlos F. Patiño\Workspace\Sistema-web-de-Gestion-de-Incidencias\backend\api\tests\Feature\IncidenciaPerformanceTest.php" line="124" class="Tests\Feature\IncidenciaPerformanceTest" classname="Tests.Feature.IncidenciaPerformanceTest" assertions="2" time="7.741592">
          <system-out>--- RESULTADO DEL TEST DE PERMISOS ---
Permisos de Admin (Deberían ser 68): 68
Permisos de Supervisor (Deberían ser 5): 5
--------------------------------------
</system-out>
        </testcase>
        <testcase name="test_gist_index_exists" file="E:\Users\Carlos F. Patiño\Workspace\Sistema-web-de-Gestion-de-Incidencias\backend\api\tests\Feature\IncidenciaPerformanceTest.php" line="158" class="Tests\Feature\IncidenciaPerformanceTest" classname="Tests.Feature.IncidenciaPerformanceTest" assertions="1" time="7.581154">
          <system-out>--- RESULTADO DEL TEST DE PERMISOS ---
Permisos de Admin (Deberían ser 68): 68
Permisos de Supervisor (Deberían ser 5): 5
--------------------------------------
</system-out>
        </testcase>
        <testcase name="test_spatial_query_execution_plan" file="E:\Users\Carlos F. Patiño\Workspace\Sistema-web-de-Gestion-de-Incidencias\backend\api\tests\Feature\IncidenciaPerformanceTest.php" line="173" class="Tests\Feature\IncidenciaPerformanceTest" classname="Tests.Feature.IncidenciaPerformanceTest" assertions="2" time="7.910530">
          <system-out>--- RESULTADO DEL TEST DE PERMISOS ---
Permisos de Admin (Deberían ser 68): 68
Permisos de Supervisor (Deberían ser 5): 5
--------------------------------------
</system-out>
        </testcase>
      </testsuite>
      <testsuite name="Tests\Feature\IncidenciaTest" file="E:\Users\Carlos F. Patiño\Workspace\Sistema-web-de-Gestion-de-Incidencias\backend\api\tests\Feature\IncidenciaTest.php" tests="19" assertions="65" errors="0" failures="0" skipped="0" time="10.884981">
        <testcase name="test_can_create_incidencia_recalculates_priority_normal" file="E:\Users\Carlos F. Patiño\Workspace\Sistema-web-de-Gestion-de-Incidencias\backend\api\tests\Feature\IncidenciaTest.php" line="108" class="Tests\Feature\IncidenciaTest" classname="Tests.Feature.IncidenciaTest" assertions="4" time="0.535929"/>
        <testcase name="test_can_create_incidencia_recalculates_priority_critical_when_affected_over_threshold" file="E:\Users\Carlos F. Patiño\Workspace\Sistema-web-de-Gestion-de-Incidencias\backend\api\tests\Feature\IncidenciaTest.php" line="129" class="Tests\Feature\IncidenciaTest" classname="Tests.Feature.IncidenciaTest" assertions="2" time="0.633814"/>
        <testcase name="test_can_update_incidencia_with_optimistic_locking" file="E:\Users\Carlos F. Patiño\Workspace\Sistema-web-de-Gestion-de-Incidencias\backend\api\tests\Feature\IncidenciaTest.php" line="148" class="Tests\Feature\IncidenciaTest" classname="Tests.Feature.IncidenciaTest" assertions="4" time="0.572390"/>
        <testcase name="test_role_based_visibility_for_institucion" file="E:\Users\Carlos F. Patiño\Workspace\Sistema-web-de-Gestion-de-Incidencias\backend\api\tests\Feature\IncidenciaTest.php" line="195" class="Tests\Feature\IncidenciaTest" classname="Tests.Feature.IncidenciaTest" assertions="5" time="0.573897"/>
        <testcase name="test_ciudadano_can_create_incidencia" file="E:\Users\Carlos F. Patiño\Workspace\Sistema-web-de-Gestion-de-Incidencias\backend\api\tests\Feature\IncidenciaTest.php" line="256" class="Tests\Feature\IncidenciaTest" classname="Tests.Feature.IncidenciaTest" assertions="4" time="0.527216"/>
        <testcase name="test_ciudadano_can_access_catalogos" file="E:\Users\Carlos F. Patiño\Workspace\Sistema-web-de-Gestion-de-Incidencias\backend\api\tests\Feature\IncidenciaTest.php" line="286" class="Tests\Feature\IncidenciaTest" classname="Tests.Feature.IncidenciaTest" assertions="2" time="0.551590"/>
        <testcase name="test_can_soft_delete_incidencia" file="E:\Users\Carlos F. Patiño\Workspace\Sistema-web-de-Gestion-de-Incidencias\backend\api\tests\Feature\IncidenciaTest.php" line="302" class="Tests\Feature\IncidenciaTest" classname="Tests.Feature.IncidenciaTest" assertions="4" time="0.576452"/>
        <testcase name="test_can_change_incidencia_status" file="E:\Users\Carlos F. Patiño\Workspace\Sistema-web-de-Gestion-de-Incidencias\backend\api\tests\Feature\IncidenciaTest.php" line="336" class="Tests\Feature\IncidenciaTest" classname="Tests.Feature.IncidenciaTest" assertions="3" time="0.553784"/>
        <testcase name="test_can_filter_incidencias_by_estado" file="E:\Users\Carlos F. Patiño\Workspace\Sistema-web-de-Gestion-de-Incidencias\backend\api\tests\Feature\IncidenciaTest.php" line="374" class="Tests\Feature\IncidenciaTest" classname="Tests.Feature.IncidenciaTest" assertions="3" time="0.624286"/>
        <testcase name="test_can_filter_incidencias_by_tipo" file="E:\Users\Carlos F. Patiño\Workspace\Sistema-web-de-Gestion-de-Incidencias\backend\api\tests\Feature\IncidenciaTest.php" line="418" class="Tests\Feature\IncidenciaTest" classname="Tests.Feature.IncidenciaTest" assertions="3" time="0.507696"/>
        <testcase name="test_validates_latitud_out_of_range" file="E:\Users\Carlos F. Patiño\Workspace\Sistema-web-de-Gestion-de-Incidencias\backend\api\tests\Feature\IncidenciaTest.php" line="463" class="Tests\Feature\IncidenciaTest" classname="Tests.Feature.IncidenciaTest" assertions="3" time="0.494967"/>
        <testcase name="test_validates_longitud_out_of_range" file="E:\Users\Carlos F. Patiño\Workspace\Sistema-web-de-Gestion-de-Incidencias\backend\api\tests\Feature\IncidenciaTest.php" line="483" class="Tests\Feature\IncidenciaTest" classname="Tests.Feature.IncidenciaTest" assertions="3" time="0.578802"/>
        <testcase name="test_validates_required_fields_on_incidencia" file="E:\Users\Carlos F. Patiño\Workspace\Sistema-web-de-Gestion-de-Incidencias\backend\api\tests\Feature\IncidenciaTest.php" line="503" class="Tests\Feature\IncidenciaTest" classname="Tests.Feature.IncidenciaTest" assertions="4" time="0.585777"/>
        <testcase name="test_validates_tipo_and_subtipo_exist" file="E:\Users\Carlos F. Patiño\Workspace\Sistema-web-de-Gestion-de-Incidencias\backend\api\tests\Feature\IncidenciaTest.php" line="521" class="Tests\Feature\IncidenciaTest" classname="Tests.Feature.IncidenciaTest" assertions="4" time="0.572588"/>
        <testcase name="test_incidents_within_threshold_group_and_increment_affected_count" file="E:\Users\Carlos F. Patiño\Workspace\Sistema-web-de-Gestion-de-Incidencias\backend\api\tests\Feature\IncidenciaTest.php" line="539" class="Tests\Feature\IncidenciaTest" classname="Tests.Feature.IncidenciaTest" assertions="4" time="0.568897"/>
        <testcase name="test_incidents_outside_threshold_do_not_group" file="E:\Users\Carlos F. Patiño\Workspace\Sistema-web-de-Gestion-de-Incidencias\backend\api\tests\Feature\IncidenciaTest.php" line="593" class="Tests\Feature\IncidenciaTest" classname="Tests.Feature.IncidenciaTest" assertions="4" time="0.605076"/>
        <testcase name="test_citizen_can_view_grouped_incident_where_they_are_reportante" file="E:\Users\Carlos F. Patiño\Workspace\Sistema-web-de-Gestion-de-Incidencias\backend\api\tests\Feature\IncidenciaTest.php" line="648" class="Tests\Feature\IncidenciaTest" classname="Tests.Feature.IncidenciaTest" assertions="3" time="0.554475"/>
        <testcase name="test_system_automatically_assigns_institution_based_on_subcategory" file="E:\Users\Carlos F. Patiño\Workspace\Sistema-web-de-Gestion-de-Incidencias\backend\api\tests\Feature\IncidenciaTest.php" line="717" class="Tests\Feature\IncidenciaTest" classname="Tests.Feature.IncidenciaTest" assertions="3" time="0.645813"/>
        <testcase name="test_system_applies_local_timezone_on_creation" file="E:\Users\Carlos F. Patiño\Workspace\Sistema-web-de-Gestion-de-Incidencias\backend\api\tests\Feature\IncidenciaTest.php" line="741" class="Tests\Feature\IncidenciaTest" classname="Tests.Feature.IncidenciaTest" assertions="3" time="0.621534"/>
      </testsuite>
      <testsuite name="Tests\Feature\InstitucionTest" file="E:\Users\Carlos F. Patiño\Workspace\Sistema-web-de-Gestion-de-Incidencias\backend\api\tests\Feature\InstitucionTest.php" tests="8" assertions="21" errors="0" failures="0" skipped="0" time="3.770551">
        <testcase name="test_index_returns_instituciones" file="E:\Users\Carlos F. Patiño\Workspace\Sistema-web-de-Gestion-de-Incidencias\backend\api\tests\Feature\InstitucionTest.php" line="24" class="Tests\Feature\InstitucionTest" classname="Tests.Feature.InstitucionTest" assertions="2" time="0.424052"/>
        <testcase name="test_index_with_search" file="E:\Users\Carlos F. Patiño\Workspace\Sistema-web-de-Gestion-de-Incidencias\backend\api\tests\Feature\InstitucionTest.php" line="33" class="Tests\Feature\InstitucionTest" classname="Tests.Feature.InstitucionTest" assertions="3" time="0.438541"/>
        <testcase name="test_index_returns_all_without_pagination" file="E:\Users\Carlos F. Patiño\Workspace\Sistema-web-de-Gestion-de-Incidencias\backend\api\tests\Feature\InstitucionTest.php" line="44" class="Tests\Feature\InstitucionTest" classname="Tests.Feature.InstitucionTest" assertions="2" time="0.438684"/>
        <testcase name="test_store_creates_institucion" file="E:\Users\Carlos F. Patiño\Workspace\Sistema-web-de-Gestion-de-Incidencias\backend\api\tests\Feature\InstitucionTest.php" line="52" class="Tests\Feature\InstitucionTest" classname="Tests.Feature.InstitucionTest" assertions="3" time="0.501041"/>
        <testcase name="test_store_validates_required_fields" file="E:\Users\Carlos F. Patiño\Workspace\Sistema-web-de-Gestion-de-Incidencias\backend\api\tests\Feature\InstitucionTest.php" line="65" class="Tests\Feature\InstitucionTest" classname="Tests.Feature.InstitucionTest" assertions="4" time="0.408847"/>
        <testcase name="test_show_returns_institucion" file="E:\Users\Carlos F. Patiño\Workspace\Sistema-web-de-Gestion-de-Incidencias\backend\api\tests\Feature\InstitucionTest.php" line="73" class="Tests\Feature\InstitucionTest" classname="Tests.Feature.InstitucionTest" assertions="2" time="0.441561"/>
        <testcase name="test_update_modifies_institucion" file="E:\Users\Carlos F. Patiño\Workspace\Sistema-web-de-Gestion-de-Incidencias\backend\api\tests\Feature\InstitucionTest.php" line="80" class="Tests\Feature\InstitucionTest" classname="Tests.Feature.InstitucionTest" assertions="3" time="0.553755"/>
        <testcase name="test_destroy_deletes_institucion" file="E:\Users\Carlos F. Patiño\Workspace\Sistema-web-de-Gestion-de-Incidencias\backend\api\tests\Feature\InstitucionTest.php" line="91" class="Tests\Feature\InstitucionTest" classname="Tests.Feature.InstitucionTest" assertions="2" time="0.564071"/>
      </testsuite>
      <testsuite name="Tests\Feature\NotificationTest" file="E:\Users\Carlos F. Patiño\Workspace\Sistema-web-de-Gestion-de-Incidencias\backend\api\tests\Feature\NotificationTest.php" tests="3" assertions="8" errors="0" failures="0" skipped="0" time="1.435834">
        <testcase name="test_index_returns_notifications" file="E:\Users\Carlos F. Patiño\Workspace\Sistema-web-de-Gestion-de-Incidencias\backend\api\tests\Feature\NotificationTest.php" line="27" class="Tests\Feature\NotificationTest" classname="Tests.Feature.NotificationTest" assertions="3" time="0.439359"/>
        <testcase name="test_mark_as_read_updates_status" file="E:\Users\Carlos F. Patiño\Workspace\Sistema-web-de-Gestion-de-Incidencias\backend\api\tests\Feature\NotificationTest.php" line="47" class="Tests\Feature\NotificationTest" classname="Tests.Feature.NotificationTest" assertions="3" time="0.549314"/>
        <testcase name="test_mark_all_as_read_updates_all_statuses" file="E:\Users\Carlos F. Patiño\Workspace\Sistema-web-de-Gestion-de-Incidencias\backend\api\tests\Feature\NotificationTest.php" line="63" class="Tests\Feature\NotificationTest" classname="Tests.Feature.NotificationTest" assertions="2" time="0.447161"/>
      </testsuite>
      <testsuite name="Tests\Feature\OpcionMenuTest" file="E:\Users\Carlos F. Patiño\Workspace\Sistema-web-de-Gestion-de-Incidencias\backend\api\tests\Feature\OpcionMenuTest.php" tests="8" assertions="40" errors="0" failures="0" skipped="0" time="3.909003">
        <testcase name="test_can_list_menu_options_flat" file="E:\Users\Carlos F. Patiño\Workspace\Sistema-web-de-Gestion-de-Incidencias\backend\api\tests\Feature\OpcionMenuTest.php" line="31" class="Tests\Feature\OpcionMenuTest" classname="Tests.Feature.OpcionMenuTest" assertions="17" time="0.511176"/>
        <testcase name="test_can_list_menu_options_as_tree" file="E:\Users\Carlos F. Patiño\Workspace\Sistema-web-de-Gestion-de-Incidencias\backend\api\tests\Feature\OpcionMenuTest.php" line="58" class="Tests\Feature\OpcionMenuTest" classname="Tests.Feature.OpcionMenuTest" assertions="4" time="0.449349"/>
        <testcase name="test_can_create_menu_option" file="E:\Users\Carlos F. Patiño\Workspace\Sistema-web-de-Gestion-de-Incidencias\backend\api\tests\Feature\OpcionMenuTest.php" line="81" class="Tests\Feature\OpcionMenuTest" classname="Tests.Feature.OpcionMenuTest" assertions="4" time="0.433171"/>
        <testcase name="test_cannot_create_menu_option_with_invalid_parent" file="E:\Users\Carlos F. Patiño\Workspace\Sistema-web-de-Gestion-de-Incidencias\backend\api\tests\Feature\OpcionMenuTest.php" line="101" class="Tests\Feature\OpcionMenuTest" classname="Tests.Feature.OpcionMenuTest" assertions="3" time="0.579057"/>
        <testcase name="test_can_show_menu_option" file="E:\Users\Carlos F. Patiño\Workspace\Sistema-web-de-Gestion-de-Incidencias\backend\api\tests\Feature\OpcionMenuTest.php" line="115" class="Tests\Feature\OpcionMenuTest" classname="Tests.Feature.OpcionMenuTest" assertions="2" time="0.558332"/>
        <testcase name="test_can_update_menu_option" file="E:\Users\Carlos F. Patiño\Workspace\Sistema-web-de-Gestion-de-Incidencias\backend\api\tests\Feature\OpcionMenuTest.php" line="129" class="Tests\Feature\OpcionMenuTest" classname="Tests.Feature.OpcionMenuTest" assertions="4" time="0.408712"/>
        <testcase name="test_cannot_set_menu_option_as_its_own_parent" file="E:\Users\Carlos F. Patiño\Workspace\Sistema-web-de-Gestion-de-Incidencias\backend\api\tests\Feature\OpcionMenuTest.php" line="154" class="Tests\Feature\OpcionMenuTest" classname="Tests.Feature.OpcionMenuTest" assertions="3" time="0.531589"/>
        <testcase name="test_can_soft_delete_menu_option" file="E:\Users\Carlos F. Patiño\Workspace\Sistema-web-de-Gestion-de-Incidencias\backend\api\tests\Feature\OpcionMenuTest.php" line="173" class="Tests\Feature\OpcionMenuTest" classname="Tests.Feature.OpcionMenuTest" assertions="3" time="0.437617"/>
      </testsuite>
      <testsuite name="Tests\Feature\PaisTest" file="E:\Users\Carlos F. Patiño\Workspace\Sistema-web-de-Gestion-de-Incidencias\backend\api\tests\Feature\PaisTest.php" tests="9" assertions="24" errors="0" failures="0" skipped="0" time="4.402679">
        <testcase name="test_index_returns_paises" file="E:\Users\Carlos F. Patiño\Workspace\Sistema-web-de-Gestion-de-Incidencias\backend\api\tests\Feature\PaisTest.php" line="25" class="Tests\Feature\PaisTest" classname="Tests.Feature.PaisTest" assertions="3" time="0.425706"/>
        <testcase name="test_store_creates_pais" file="E:\Users\Carlos F. Patiño\Workspace\Sistema-web-de-Gestion-de-Incidencias\backend\api\tests\Feature\PaisTest.php" line="34" class="Tests\Feature\PaisTest" classname="Tests.Feature.PaisTest" assertions="3" time="0.428654"/>
        <testcase name="test_store_validates_required_fields" file="E:\Users\Carlos F. Patiño\Workspace\Sistema-web-de-Gestion-de-Incidencias\backend\api\tests\Feature\PaisTest.php" line="45" class="Tests\Feature\PaisTest" classname="Tests.Feature.PaisTest" assertions="4" time="0.439268"/>
        <testcase name="test_show_returns_pais" file="E:\Users\Carlos F. Patiño\Workspace\Sistema-web-de-Gestion-de-Incidencias\backend\api\tests\Feature\PaisTest.php" line="52" class="Tests\Feature\PaisTest" classname="Tests.Feature.PaisTest" assertions="2" time="0.486534"/>
        <testcase name="test_update_modifies_pais" file="E:\Users\Carlos F. Patiño\Workspace\Sistema-web-de-Gestion-de-Incidencias\backend\api\tests\Feature\PaisTest.php" line="59" class="Tests\Feature\PaisTest" classname="Tests.Feature.PaisTest" assertions="3" time="0.511038"/>
        <testcase name="test_destroy_deletes_pais" file="E:\Users\Carlos F. Patiño\Workspace\Sistema-web-de-Gestion-de-Incidencias\backend\api\tests\Feature\PaisTest.php" line="69" class="Tests\Feature\PaisTest" classname="Tests.Feature.PaisTest" assertions="2" time="0.618104"/>
        <testcase name="test_destroy_prevents_deletion_if_has_territorios" file="E:\Users\Carlos F. Patiño\Workspace\Sistema-web-de-Gestion-de-Incidencias\backend\api\tests\Feature\PaisTest.php" line="77" class="Tests\Feature\PaisTest" classname="Tests.Feature.PaisTest" assertions="3" time="0.635525"/>
        <testcase name="test_index_filters_for_non_admin_users" file="E:\Users\Carlos F. Patiño\Workspace\Sistema-web-de-Gestion-de-Incidencias\backend\api\tests\Feature\PaisTest.php" line="87" class="Tests\Feature\PaisTest" classname="Tests.Feature.PaisTest" assertions="3" time="0.449481"/>
        <testcase name="test_show_forbids_non_admin_users_from_other_countries" file="E:\Users\Carlos F. Patiño\Workspace\Sistema-web-de-Gestion-de-Incidencias\backend\api\tests\Feature\PaisTest.php" line="106" class="Tests\Feature\PaisTest" classname="Tests.Feature.PaisTest" assertions="1" time="0.408369"/>
      </testsuite>
      <testsuite name="Tests\Feature\PermisoTest" file="E:\Users\Carlos F. Patiño\Workspace\Sistema-web-de-Gestion-de-Incidencias\backend\api\tests\Feature\PermisoTest.php" tests="7" assertions="16" errors="0" failures="0" skipped="0" time="3.244375">
        <testcase name="test_index_returns_permisos" file="E:\Users\Carlos F. Patiño\Workspace\Sistema-web-de-Gestion-de-Incidencias\backend\api\tests\Feature\PermisoTest.php" line="25" class="Tests\Feature\PermisoTest" classname="Tests.Feature.PermisoTest" assertions="2" time="0.454933"/>
        <testcase name="test_index_returns_all_without_pagination" file="E:\Users\Carlos F. Patiño\Workspace\Sistema-web-de-Gestion-de-Incidencias\backend\api\tests\Feature\PermisoTest.php" line="33" class="Tests\Feature\PermisoTest" classname="Tests.Feature.PermisoTest" assertions="2" time="0.428202"/>
        <testcase name="test_store_creates_permiso" file="E:\Users\Carlos F. Patiño\Workspace\Sistema-web-de-Gestion-de-Incidencias\backend\api\tests\Feature\PermisoTest.php" line="41" class="Tests\Feature\PermisoTest" classname="Tests.Feature.PermisoTest" assertions="3" time="0.422035"/>
        <testcase name="test_store_derives_recurso_from_opcion_menu" file="E:\Users\Carlos F. Patiño\Workspace\Sistema-web-de-Gestion-de-Incidencias\backend\api\tests\Feature\PermisoTest.php" line="53" class="Tests\Feature\PermisoTest" classname="Tests.Feature.PermisoTest" assertions="2" time="0.543416"/>
        <testcase name="test_show_returns_permiso" file="E:\Users\Carlos F. Patiño\Workspace\Sistema-web-de-Gestion-de-Incidencias\backend\api\tests\Feature\PermisoTest.php" line="67" class="Tests\Feature\PermisoTest" classname="Tests.Feature.PermisoTest" assertions="2" time="0.422381"/>
        <testcase name="test_update_modifies_permiso" file="E:\Users\Carlos F. Patiño\Workspace\Sistema-web-de-Gestion-de-Incidencias\backend\api\tests\Feature\PermisoTest.php" line="74" class="Tests\Feature\PermisoTest" classname="Tests.Feature.PermisoTest" assertions="3" time="0.536449"/>
        <testcase name="test_destroy_deletes_permiso" file="E:\Users\Carlos F. Patiño\Workspace\Sistema-web-de-Gestion-de-Incidencias\backend\api\tests\Feature\PermisoTest.php" line="84" class="Tests\Feature\PermisoTest" classname="Tests.Feature.PermisoTest" assertions="2" time="0.436959"/>
      </testsuite>
      <testsuite name="Tests\Feature\PrioridadTest" file="E:\Users\Carlos F. Patiño\Workspace\Sistema-web-de-Gestion-de-Incidencias\backend\api\tests\Feature\PrioridadTest.php" tests="6" assertions="16" errors="0" failures="0" skipped="0" time="2.743573">
        <testcase name="test_index_returns_prioridades" file="E:\Users\Carlos F. Patiño\Workspace\Sistema-web-de-Gestion-de-Incidencias\backend\api\tests\Feature\PrioridadTest.php" line="24" class="Tests\Feature\PrioridadTest" classname="Tests.Feature.PrioridadTest" assertions="2" time="0.439308"/>
        <testcase name="test_store_creates_prioridad" file="E:\Users\Carlos F. Patiño\Workspace\Sistema-web-de-Gestion-de-Incidencias\backend\api\tests\Feature\PrioridadTest.php" line="32" class="Tests\Feature\PrioridadTest" classname="Tests.Feature.PrioridadTest" assertions="3" time="0.458636"/>
        <testcase name="test_store_validates_required_fields" file="E:\Users\Carlos F. Patiño\Workspace\Sistema-web-de-Gestion-de-Incidencias\backend\api\tests\Feature\PrioridadTest.php" line="42" class="Tests\Feature\PrioridadTest" classname="Tests.Feature.PrioridadTest" assertions="4" time="0.437782"/>
        <testcase name="test_show_returns_prioridad" file="E:\Users\Carlos F. Patiño\Workspace\Sistema-web-de-Gestion-de-Incidencias\backend\api\tests\Feature\PrioridadTest.php" line="49" class="Tests\Feature\PrioridadTest" classname="Tests.Feature.PrioridadTest" assertions="2" time="0.423603"/>
        <testcase name="test_update_modifies_prioridad" file="E:\Users\Carlos F. Patiño\Workspace\Sistema-web-de-Gestion-de-Incidencias\backend\api\tests\Feature\PrioridadTest.php" line="56" class="Tests\Feature\PrioridadTest" classname="Tests.Feature.PrioridadTest" assertions="3" time="0.443515"/>
        <testcase name="test_destroy_deletes_prioridad" file="E:\Users\Carlos F. Patiño\Workspace\Sistema-web-de-Gestion-de-Incidencias\backend\api\tests\Feature\PrioridadTest.php" line="67" class="Tests\Feature\PrioridadTest" classname="Tests.Feature.PrioridadTest" assertions="2" time="0.540729"/>
      </testsuite>
      <testsuite name="Tests\Feature\RoleIntegrationTest" file="E:\Users\Carlos F. Patiño\Workspace\Sistema-web-de-Gestion-de-Incidencias\backend\api\tests\Feature\RoleIntegrationTest.php" tests="1" assertions="1" errors="0" failures="0" skipped="0" time="0.431194">
        <testcase name="test_se_pueden_listar_roles" file="E:\Users\Carlos F. Patiño\Workspace\Sistema-web-de-Gestion-de-Incidencias\backend\api\tests\Feature\RoleIntegrationTest.php" line="29" class="Tests\Feature\RoleIntegrationTest" classname="Tests.Feature.RoleIntegrationTest" assertions="1" time="0.431194"/>
      </testsuite>
      <testsuite name="Tests\Feature\RoleTest" file="E:\Users\Carlos F. Patiño\Workspace\Sistema-web-de-Gestion-de-Incidencias\backend\api\tests\Feature\RoleTest.php" tests="7" assertions="16" errors="0" failures="0" skipped="0" time="3.339453">
        <testcase name="test_index_returns_roles" file="E:\Users\Carlos F. Patiño\Workspace\Sistema-web-de-Gestion-de-Incidencias\backend\api\tests\Feature\RoleTest.php" line="30" class="Tests\Feature\RoleTest" classname="Tests.Feature.RoleTest" assertions="2" time="0.502430"/>
        <testcase name="test_index_returns_all_without_pagination" file="E:\Users\Carlos F. Patiño\Workspace\Sistema-web-de-Gestion-de-Incidencias\backend\api\tests\Feature\RoleTest.php" line="37" class="Tests\Feature\RoleTest" classname="Tests.Feature.RoleTest" assertions="2" time="0.425063"/>
        <testcase name="test_store_creates_role" file="E:\Users\Carlos F. Patiño\Workspace\Sistema-web-de-Gestion-de-Incidencias\backend\api\tests\Feature\RoleTest.php" line="44" class="Tests\Feature\RoleTest" classname="Tests.Feature.RoleTest" assertions="3" time="0.441829"/>
        <testcase name="test_show_returns_role" file="E:\Users\Carlos F. Patiño\Workspace\Sistema-web-de-Gestion-de-Incidencias\backend\api\tests\Feature\RoleTest.php" line="55" class="Tests\Feature\RoleTest" classname="Tests.Feature.RoleTest" assertions="2" time="0.480318"/>
        <testcase name="test_update_modifies_role" file="E:\Users\Carlos F. Patiño\Workspace\Sistema-web-de-Gestion-de-Incidencias\backend\api\tests\Feature\RoleTest.php" line="62" class="Tests\Feature\RoleTest" classname="Tests.Feature.RoleTest" assertions="3" time="0.517620"/>
        <testcase name="test_destroy_deletes_role" file="E:\Users\Carlos F. Patiño\Workspace\Sistema-web-de-Gestion-de-Incidencias\backend\api\tests\Feature\RoleTest.php" line="72" class="Tests\Feature\RoleTest" classname="Tests.Feature.RoleTest" assertions="2" time="0.441654"/>
        <testcase name="test_assign_permissions_updates_role_permissions" file="E:\Users\Carlos F. Patiño\Workspace\Sistema-web-de-Gestion-de-Incidencias\backend\api\tests\Feature\RoleTest.php" line="80" class="Tests\Feature\RoleTest" classname="Tests.Feature.RoleTest" assertions="2" time="0.530538"/>
      </testsuite>
      <testsuite name="Tests\Feature\TerritorioAccesoTest" file="E:\Users\Carlos F. Patiño\Workspace\Sistema-web-de-Gestion-de-Incidencias\backend\api\tests\Feature\TerritorioAccesoTest.php" tests="1" assertions="5" errors="0" failures="0" skipped="0" time="0.312690">
        <testcase name="test_supervisor_only_sees_incidents_in_assigned_territories_and_descendants" file="E:\Users\Carlos F. Patiño\Workspace\Sistema-web-de-Gestion-de-Incidencias\backend\api\tests\Feature\TerritorioAccesoTest.php" line="24" class="Tests\Feature\TerritorioAccesoTest" classname="Tests.Feature.TerritorioAccesoTest" assertions="5" time="0.312690"/>
      </testsuite>
      <testsuite name="Tests\Feature\TerritorioTest" file="E:\Users\Carlos F. Patiño\Workspace\Sistema-web-de-Gestion-de-Incidencias\backend\api\tests\Feature\TerritorioTest.php" tests="6" assertions="13" errors="0" failures="0" skipped="0" time="2.770377">
        <testcase name="test_index_returns_territorios" file="E:\Users\Carlos F. Patiño\Workspace\Sistema-web-de-Gestion-de-Incidencias\backend\api\tests\Feature\TerritorioTest.php" line="33" class="Tests\Feature\TerritorioTest" classname="Tests.Feature.TerritorioTest" assertions="2" time="0.440711"/>
        <testcase name="test_store_creates_territorio" file="E:\Users\Carlos F. Patiño\Workspace\Sistema-web-de-Gestion-de-Incidencias\backend\api\tests\Feature\TerritorioTest.php" line="41" class="Tests\Feature\TerritorioTest" classname="Tests.Feature.TerritorioTest" assertions="3" time="0.543544"/>
        <testcase name="test_show_returns_territorio" file="E:\Users\Carlos F. Patiño\Workspace\Sistema-web-de-Gestion-de-Incidencias\backend\api\tests\Feature\TerritorioTest.php" line="52" class="Tests\Feature\TerritorioTest" classname="Tests.Feature.TerritorioTest" assertions="2" time="0.449284"/>
        <testcase name="test_update_modifies_territorio" file="E:\Users\Carlos F. Patiño\Workspace\Sistema-web-de-Gestion-de-Incidencias\backend\api\tests\Feature\TerritorioTest.php" line="59" class="Tests\Feature\TerritorioTest" classname="Tests.Feature.TerritorioTest" assertions="3" time="0.447417"/>
        <testcase name="test_destroy_deletes_territorio" file="E:\Users\Carlos F. Patiño\Workspace\Sistema-web-de-Gestion-de-Incidencias\backend\api\tests\Feature\TerritorioTest.php" line="69" class="Tests\Feature\TerritorioTest" classname="Tests.Feature.TerritorioTest" assertions="2" time="0.458983"/>
        <testcase name="test_destroy_prevents_if_has_children" file="E:\Users\Carlos F. Patiño\Workspace\Sistema-web-de-Gestion-de-Incidencias\backend\api\tests\Feature\TerritorioTest.php" line="77" class="Tests\Feature\TerritorioTest" classname="Tests.Feature.TerritorioTest" assertions="1" time="0.430439"/>
      </testsuite>
      <testsuite name="Tests\Feature\TrpTest" file="E:\Users\Carlos F. Patiño\Workspace\Sistema-web-de-Gestion-de-Incidencias\backend\api\tests\Feature\TrpTest.php" tests="2" assertions="5" errors="0" failures="0" skipped="0" time="0.882607">
        <testcase name="test_performance_stats_returns_data" file="E:\Users\Carlos F. Patiño\Workspace\Sistema-web-de-Gestion-de-Incidencias\backend\api\tests\Feature\TrpTest.php" line="26" class="Tests\Feature\TrpTest" classname="Tests.Feature.TrpTest" assertions="3" time="0.430234"/>
        <testcase name="test_export_logs_returns_csv" file="E:\Users\Carlos F. Patiño\Workspace\Sistema-web-de-Gestion-de-Incidencias\backend\api\tests\Feature\TrpTest.php" line="41" class="Tests\Feature\TrpTest" classname="Tests.Feature.TrpTest" assertions="2" time="0.452373"/>
      </testsuite>
      <testsuite name="Tests\Feature\UserMenuTest" file="E:\Users\Carlos F. Patiño\Workspace\Sistema-web-de-Gestion-de-Incidencias\backend\api\tests\Feature\UserMenuTest.php" tests="3" assertions="5" errors="0" failures="0" skipped="0" time="0.671152">
        <testcase name="test_index_returns_all_for_admin" file="E:\Users\Carlos F. Patiño\Workspace\Sistema-web-de-Gestion-de-Incidencias\backend\api\tests\Feature\UserMenuTest.php" line="20" class="Tests\Feature\UserMenuTest" classname="Tests.Feature.UserMenuTest" assertions="2" time="0.426924"/>
        <testcase name="test_index_filters_for_non_admin" file="E:\Users\Carlos F. Patiño\Workspace\Sistema-web-de-Gestion-de-Incidencias\backend\api\tests\Feature\UserMenuTest.php" line="32" class="Tests\Feature\UserMenuTest" classname="Tests.Feature.UserMenuTest" assertions="2" time="0.134986"/>
        <testcase name="test_index_returns_401_when_not_authenticated" file="E:\Users\Carlos F. Patiño\Workspace\Sistema-web-de-Gestion-de-Incidencias\backend\api\tests\Feature\UserMenuTest.php" line="51" class="Tests\Feature\UserMenuTest" classname="Tests.Feature.UserMenuTest" assertions="1" time="0.109242"/>
      </testsuite>
      <testsuite name="Tests\Feature\UserTest" file="E:\Users\Carlos F. Patiño\Workspace\Sistema-web-de-Gestion-de-Incidencias\backend\api\tests\Feature\UserTest.php" tests="5" assertions="12" errors="0" failures="0" skipped="0" time="2.275029">
        <testcase name="test_index_returns_users" file="E:\Users\Carlos F. Patiño\Workspace\Sistema-web-de-Gestion-de-Incidencias\backend\api\tests\Feature\UserTest.php" line="29" class="Tests\Feature\UserTest" classname="Tests.Feature.UserTest" assertions="2" time="0.445625"/>
        <testcase name="test_store_creates_user" file="E:\Users\Carlos F. Patiño\Workspace\Sistema-web-de-Gestion-de-Incidencias\backend\api\tests\Feature\UserTest.php" line="36" class="Tests\Feature\UserTest" classname="Tests.Feature.UserTest" assertions="3" time="0.473257"/>
        <testcase name="test_show_returns_user" file="E:\Users\Carlos F. Patiño\Workspace\Sistema-web-de-Gestion-de-Incidencias\backend\api\tests\Feature\UserTest.php" line="53" class="Tests\Feature\UserTest" classname="Tests.Feature.UserTest" assertions="2" time="0.435630"/>
        <testcase name="test_update_modifies_user" file="E:\Users\Carlos F. Patiño\Workspace\Sistema-web-de-Gestion-de-Incidencias\backend\api\tests\Feature\UserTest.php" line="60" class="Tests\Feature\UserTest" classname="Tests.Feature.UserTest" assertions="3" time="0.438837"/>
        <testcase name="test_destroy_deletes_user" file="E:\Users\Carlos F. Patiño\Workspace\Sistema-web-de-Gestion-de-Incidencias\backend\api\tests\Feature\UserTest.php" line="72" class="Tests\Feature\UserTest" classname="Tests.Feature.UserTest" assertions="2" time="0.481681"/>
      </testsuite>
    </testsuite>
  </testsuite>
</testsuites>
